TN:
SF:src/interfaces/cli/index.ts
FN:38,main
FN:77,(anonymous_1)
FN:110,(anonymous_2)
FNF:3
FNH:0
FNDA:0,main
FNDA:0,(anonymous_1)
FNDA:0,(anonymous_2)
DA:39,0
DA:40,0
DA:41,0
DA:44,0
DA:45,0
DA:46,0
DA:47,0
DA:48,0
DA:49,0
DA:51,0
DA:53,0
DA:56,0
DA:57,0
DA:59,0
DA:60,0
DA:61,0
DA:63,0
DA:66,0
DA:75,0
DA:77,0
DA:78,0
DA:80,0
DA:81,0
DA:83,0
DA:85,0
DA:86,0
DA:87,0
DA:88,0
DA:89,0
DA:90,0
DA:94,0
DA:96,0
DA:97,0
DA:99,0
DA:102,0
DA:103,0
DA:104,0
DA:108,1
DA:109,1
DA:110,0
DA:111,0
DA:112,0
LF:42
LH:2
BRDA:40,0,0,0
BRDA:40,0,1,0
BRDA:47,1,0,0
BRDA:47,1,1,0
BRDA:48,2,0,0
BRDA:48,2,1,0
BRDA:57,3,0,0
BRDA:57,3,1,0
BRDA:59,4,0,0
BRDA:59,4,1,0
BRDA:59,5,0,0
BRDA:59,5,1,0
BRDA:80,6,0,0
BRDA:80,6,1,0
BRDA:85,7,0,0
BRDA:85,7,1,0
BRDA:88,8,0,0
BRDA:88,8,1,0
BRDA:89,9,0,0
BRDA:89,9,1,0
BRDA:108,10,0,1
BRDA:108,10,1,1
BRDA:108,11,0,1
BRDA:108,11,1,0
BRDA:109,12,0,0
BRDA:109,12,1,1
BRF:26
BRH:4
end_of_record
TN:
SF:src/interfaces/cli/commands/advise.ts
FN:13,(anonymous_0)
FN:24,(anonymous_1)
FN:27,(anonymous_2)
FNF:3
FNH:3
FNDA:2,(anonymous_0)
FNDA:2,(anonymous_1)
FNDA:3,(anonymous_2)
DA:9,2
DA:10,2
DA:11,2
DA:14,2
DA:15,2
DA:16,2
DA:17,2
DA:19,2
DA:20,1
DA:21,1
DA:24,1
DA:25,2
DA:26,2
DA:27,3
DA:28,2
DA:32,2
LF:16
LH:16
BRDA:19,0,0,1
BRDA:19,0,1,1
BRDA:25,1,0,1
BRDA:25,1,1,1
BRDA:25,2,0,1
BRDA:25,2,1,0
BRDA:28,3,0,0
BRDA:28,3,1,2
BRF:8
BRH:6
end_of_record
TN:
SF:src/interfaces/cli/commands/analyze.ts
FN:18,(anonymous_0)
FN:21,(anonymous_1)
FNF:2
FNH:2
FNDA:2,(anonymous_0)
FNDA:3,(anonymous_1)
DA:14,2
DA:15,2
DA:16,2
DA:19,2
DA:20,2
DA:21,3
DA:22,2
DA:26,2
DA:28,2
DA:30,2
DA:31,2
DA:32,2
DA:35,2
DA:36,2
DA:37,2
DA:38,2
DA:40,2
DA:41,1
DA:42,1
DA:45,1
DA:48,1
DA:49,1
DA:51,1
DA:52,1
DA:53,1
DA:56,1
DA:57,1
DA:58,1
DA:61,1
DA:62,1
DA:63,1
DA:64,1
DA:67,1
DA:68,1
DA:69,1
DA:70,1
DA:71,1
DA:73,1
DA:75,1
DA:76,1
DA:77,1
DA:80,1
DA:81,1
DA:82,1
DA:83,1
DA:84,1
DA:87,1
DA:88,1
DA:89,1
DA:90,1
DA:92,1
DA:93,1
DA:96,2
LF:53
LH:53
BRDA:22,0,0,2
BRDA:22,0,1,0
BRDA:22,1,0,0
BRDA:22,1,1,2
BRDA:26,2,0,2
BRDA:26,2,1,0
BRDA:40,3,0,1
BRDA:40,3,1,1
BRDA:45,4,0,1
BRDA:45,4,1,0
BRDA:49,5,0,0
BRDA:49,5,1,1
BRDA:58,6,0,1
BRDA:58,6,1,0
BRDA:64,7,0,1
BRDA:64,7,1,0
BRDA:71,8,0,1
BRDA:71,8,1,0
BRDA:76,9,0,1
BRDA:76,9,1,0
BRDA:90,10,0,1
BRDA:90,10,1,0
BRF:22
BRH:12
end_of_record
TN:
SF:src/interfaces/cli/commands/blueprint.ts
FN:15,(anonymous_0)
FNF:1
FNH:1
FNDA:1,(anonymous_0)
DA:11,1
DA:12,1
DA:13,1
DA:16,1
DA:17,1
DA:18,1
DA:21,1
DA:22,1
DA:24,1
DA:25,1
DA:26,1
DA:29,1
LF:12
LH:12
BRF:0
BRH:0
end_of_record
TN:
SF:src/interfaces/cli/commands/clean.ts
FN:12,(anonymous_0)
FNF:1
FNH:1
FNDA:1,(anonymous_0)
DA:8,1
DA:9,1
DA:10,1
DA:13,1
DA:14,1
LF:5
LH:5
BRF:0
BRH:0
end_of_record
TN:
SF:src/interfaces/cli/commands/cohesion.ts
FN:13,(anonymous_0)
FNF:1
FNH:1
FNDA:1,(anonymous_0)
DA:9,1
DA:10,1
DA:11,1
DA:14,1
DA:15,1
DA:16,1
DA:17,0
DA:18,0
DA:21,1
DA:22,1
DA:23,1
DA:24,1
DA:25,1
DA:28,1
LF:14
LH:12
BRDA:16,0,0,0
BRDA:16,0,1,1
BRDA:16,1,0,1
BRDA:16,1,1,1
BRF:4
BRH:3
end_of_record
TN:
SF:src/interfaces/cli/commands/context.ts
FN:13,(anonymous_0)
FN:28,(anonymous_1)
FNF:2
FNH:2
FNDA:1,(anonymous_0)
FNDA:1,(anonymous_1)
DA:9,1
DA:10,1
DA:11,1
DA:14,1
DA:15,1
DA:16,0
DA:17,0
DA:20,1
DA:21,1
DA:22,1
DA:23,1
DA:24,0
DA:25,0
DA:27,1
DA:28,1
DA:29,1
DA:33,1
LF:17
LH:13
BRDA:15,0,0,0
BRDA:15,0,1,1
BRDA:23,1,0,0
BRDA:23,1,1,1
BRF:4
BRH:2
end_of_record
TN:
SF:src/interfaces/cli/commands/diff.ts
FN:18,(anonymous_0)
FN:56,(anonymous_1)
FN:59,(anonymous_2)
FN:92,(anonymous_3)
FN:92,(anonymous_4)
FN:97,(anonymous_5)
FN:117,(anonymous_6)
FN:117,(anonymous_7)
FN:118,(anonymous_8)
FN:118,(anonymous_9)
FN:125,(anonymous_10)
FN:125,(anonymous_11)
FN:126,(anonymous_12)
FN:126,(anonymous_13)
FN:140,(anonymous_14)
FN:151,(anonymous_15)
FN:155,(anonymous_16)
FN:156,(anonymous_17)
FN:180,(anonymous_18)
FN:192,(anonymous_19)
FN:213,(anonymous_20)
FNF:21
FNH:2
FNDA:1,(anonymous_0)
FNDA:0,(anonymous_1)
FNDA:0,(anonymous_2)
FNDA:0,(anonymous_3)
FNDA:0,(anonymous_4)
FNDA:1,(anonymous_5)
FNDA:0,(anonymous_6)
FNDA:0,(anonymous_7)
FNDA:0,(anonymous_8)
FNDA:0,(anonymous_9)
FNDA:0,(anonymous_10)
FNDA:0,(anonymous_11)
FNDA:0,(anonymous_12)
FNDA:0,(anonymous_13)
FNDA:0,(anonymous_14)
FNDA:0,(anonymous_15)
FNDA:0,(anonymous_16)
FNDA:0,(anonymous_17)
FNDA:0,(anonymous_18)
FNDA:0,(anonymous_19)
FNDA:0,(anonymous_20)
DA:14,1
DA:15,1
DA:16,1
DA:19,1
DA:20,1
DA:22,1
DA:23,1
DA:24,1
DA:25,1
DA:27,1
DA:28,1
DA:32,0
DA:34,0
DA:37,0
DA:38,0
DA:39,0
DA:41,0
DA:42,0
DA:44,0
DA:46,0
DA:47,0
DA:48,0
DA:51,0
DA:54,0
DA:55,0
DA:56,0
DA:58,0
DA:59,0
DA:62,0
DA:66,0
DA:67,0
DA:68,0
DA:71,0
DA:73,0
DA:74,0
DA:77,0
DA:78,0
DA:79,0
DA:80,0
DA:81,0
DA:86,0
DA:87,0
DA:89,0
DA:91,0
DA:92,0
DA:93,0
DA:98,1
DA:99,1
DA:100,1
DA:102,1
DA:103,1
DA:105,1
DA:106,1
DA:107,1
DA:108,1
DA:111,0
DA:112,0
DA:113,0
DA:116,0
DA:117,0
DA:118,0
DA:119,0
DA:121,0
DA:124,0
DA:125,0
DA:126,0
DA:127,0
DA:128,0
DA:130,0
DA:133,0
DA:134,0
DA:136,0
DA:138,0
DA:139,0
DA:140,0
DA:141,0
DA:142,0
DA:143,0
DA:144,0
DA:145,0
DA:149,0
DA:150,0
DA:151,0
DA:156,0
DA:157,0
DA:158,0
DA:159,0
DA:180,0
DA:181,0
DA:193,0
DA:194,0
DA:195,0
DA:197,0
DA:198,0
DA:199,0
DA:200,0
DA:201,0
DA:202,0
DA:203,0
DA:204,0
DA:205,0
DA:206,0
DA:207,0
DA:208,0
DA:213,0
LF:105
LH:20
BRDA:22,0,0,1
BRDA:22,0,1,0
BRDA:24,1,0,0
BRDA:24,1,1,1
BRDA:46,2,0,0
BRDA:46,2,1,0
BRDA:59,3,0,0
BRDA:59,3,1,0
BRDA:59,3,2,0
BRDA:62,4,0,0
BRDA:62,4,1,0
BRDA:66,5,0,0
BRDA:66,5,1,0
BRDA:79,6,0,0
BRDA:79,6,1,0
BRDA:87,7,0,0
BRDA:87,7,1,0
BRDA:87,8,0,0
BRDA:87,8,1,0
BRDA:106,9,0,1
BRDA:106,9,1,0
BRDA:113,10,0,0
BRDA:113,10,1,0
BRDA:117,11,0,0
BRDA:117,11,1,0
BRDA:118,12,0,0
BRDA:118,12,1,0
BRDA:124,13,0,0
BRDA:124,13,1,0
BRDA:125,14,0,0
BRDA:125,14,1,0
BRDA:126,15,0,0
BRDA:126,15,1,0
BRDA:138,16,0,0
BRDA:138,16,1,0
BRDA:142,17,0,0
BRDA:142,17,1,0
BRDA:142,18,0,0
BRDA:142,18,1,0
BRDA:143,19,0,0
BRDA:143,19,1,0
BRDA:143,20,0,0
BRDA:143,20,1,0
BRDA:144,21,0,0
BRDA:144,21,1,0
BRDA:144,22,0,0
BRDA:144,22,1,0
BRDA:149,23,0,0
BRDA:149,23,1,0
BRDA:158,24,0,0
BRDA:158,24,1,0
BRDA:187,25,0,0
BRDA:187,25,1,0
BRDA:198,26,0,0
BRDA:198,26,1,0
BRDA:201,27,0,0
BRDA:201,27,1,0
BRDA:203,28,0,0
BRDA:203,28,1,0
BRDA:203,29,0,0
BRDA:203,29,1,0
BRDA:205,30,0,0
BRDA:205,30,1,0
BRF:63
BRH:3
end_of_record
TN:
SF:src/interfaces/cli/commands/entropy.ts
FN:13,(anonymous_0)
FNF:1
FNH:1
FNDA:1,(anonymous_0)
DA:9,1
DA:10,1
DA:11,1
DA:14,1
DA:15,1
DA:16,0
DA:17,0
DA:19,1
DA:20,1
DA:21,1
DA:22,1
DA:23,1
LF:12
LH:10
BRDA:15,0,0,0
BRDA:15,0,1,1
BRF:2
BRH:1
end_of_record
TN:
SF:src/interfaces/cli/commands/entry.ts
FN:17,(anonymous_0)
FN:18,(anonymous_1)
FN:41,(anonymous_2)
FN:42,(anonymous_3)
FN:56,(anonymous_4)
FNF:5
FNH:3
FNDA:2,(anonymous_0)
FNDA:0,(anonymous_1)
FNDA:1,(anonymous_2)
FNDA:0,(anonymous_3)
FNDA:1,(anonymous_4)
DA:13,2
DA:14,2
DA:15,2
DA:18,2
DA:19,2
DA:23,2
DA:27,2
DA:28,2
DA:29,2
DA:30,1
DA:31,1
DA:35,1
DA:37,1
DA:38,1
DA:40,1
DA:41,1
DA:42,0
DA:44,1
DA:45,1
DA:47,1
DA:48,0
DA:49,0
DA:50,0
DA:53,1
DA:54,1
DA:56,1
DA:57,1
DA:58,1
DA:59,1
DA:61,1
DA:65,2
LF:31
LH:27
BRDA:19,0,0,0
BRDA:19,0,1,2
BRDA:19,1,0,0
BRDA:19,1,1,0
BRDA:23,2,0,2
BRDA:23,2,1,0
BRDA:23,3,0,0
BRDA:23,3,1,0
BRDA:29,4,0,1
BRDA:29,4,1,1
BRDA:42,5,0,0
BRDA:42,5,1,0
BRDA:42,6,0,0
BRDA:42,6,1,0
BRDA:47,7,0,0
BRDA:47,7,1,1
BRDA:57,8,0,1
BRDA:57,8,1,0
BRDA:58,9,0,1
BRDA:58,9,1,0
BRDA:59,10,0,0
BRDA:59,10,1,1
BRF:22
BRH:8
end_of_record
TN:
SF:src/interfaces/cli/commands/explain.ts
FN:15,(anonymous_0)
FNF:1
FNH:1
FNDA:1,(anonymous_0)
DA:11,1
DA:12,1
DA:13,1
DA:16,1
DA:17,1
DA:18,0
DA:19,0
DA:22,1
DA:24,1
DA:25,1
DA:26,1
DA:27,1
DA:30,0
DA:31,0
DA:33,0
DA:34,0
DA:35,0
DA:36,0
DA:38,0
DA:39,0
DA:41,0
DA:42,0
DA:43,0
DA:44,0
DA:45,0
DA:46,0
DA:47,0
DA:49,0
LF:28
LH:10
BRDA:17,0,0,0
BRDA:17,0,1,1
BRDA:25,1,0,1
BRDA:25,1,1,0
BRDA:38,2,0,0
BRDA:38,2,1,0
BRDA:39,3,0,0
BRDA:39,3,1,0
BRDA:42,4,0,0
BRDA:42,4,1,0
BRDA:43,5,0,0
BRDA:43,5,1,0
BRDA:49,6,0,0
BRDA:49,6,1,0
BRDA:49,7,0,0
BRDA:49,7,1,0
BRF:16
BRH:2
end_of_record
TN:
SF:src/interfaces/cli/commands/flows.ts
FN:13,(anonymous_0)
FN:22,(anonymous_1)
FNF:2
FNH:1
FNDA:1,(anonymous_0)
FNDA:0,(anonymous_1)
DA:9,1
DA:10,1
DA:11,1
DA:14,1
DA:15,1
DA:16,1
DA:18,1
DA:19,0
DA:20,0
DA:21,0
DA:22,0
DA:23,0
LF:12
LH:7
BRDA:20,0,0,0
BRDA:20,0,1,0
BRDA:23,1,0,0
BRDA:23,1,1,0
BRF:4
BRH:0
end_of_record
TN:
SF:src/interfaces/cli/commands/help.ts
FN:12,(anonymous_0)
FN:14,(anonymous_1)
FN:22,(anonymous_2)
FNF:3
FNH:3
FNDA:1,(anonymous_0)
FNDA:1,(anonymous_1)
FNDA:2,(anonymous_2)
DA:8,1
DA:9,1
DA:10,1
DA:12,1
DA:15,1
DA:22,1
DA:23,2
DA:24,2
DA:26,1
LF:9
LH:9
BRF:0
BRH:0
end_of_record
TN:
SF:src/interfaces/cli/commands/impact.ts
FN:13,(anonymous_0)
FNF:1
FNH:1
FNDA:1,(anonymous_0)
DA:9,1
DA:10,1
DA:11,1
DA:14,1
DA:15,1
DA:16,1
DA:17,0
DA:18,0
DA:21,1
DA:23,1
DA:24,1
DA:25,1
DA:27,1
DA:28,1
DA:29,1
DA:30,1
DA:32,1
DA:33,0
DA:34,0
DA:36,0
DA:37,0
DA:38,0
DA:39,0
DA:40,0
DA:44,0
LF:25
LH:15
BRDA:15,0,0,0
BRDA:15,0,1,1
BRDA:16,1,0,0
BRDA:16,1,1,1
BRDA:29,2,0,1
BRDA:29,2,1,1
BRDA:32,3,0,0
BRDA:32,3,1,1
BRF:8
BRH:5
end_of_record
TN:
SF:src/interfaces/cli/commands/link.ts
FN:12,(anonymous_0)
FNF:1
FNH:1
FNDA:1,(anonymous_0)
DA:8,1
DA:9,1
DA:10,1
DA:13,1
DA:14,1
DA:15,0
DA:16,0
DA:18,1
DA:19,1
DA:20,1
DA:21,0
DA:23,1
LF:12
LH:9
BRDA:14,0,0,0
BRDA:14,0,1,1
BRF:2
BRH:1
end_of_record
TN:
SF:src/interfaces/cli/commands/list.ts
FN:11,(anonymous_0)
FNF:1
FNH:1
FNDA:1,(anonymous_0)
DA:7,1
DA:8,1
DA:9,1
DA:13,1
DA:14,1
LF:5
LH:5
BRF:0
BRH:0
end_of_record
TN:
SF:src/interfaces/cli/commands/mirror.ts
FN:14,(anonymous_0)
FNF:1
FNH:1
FNDA:1,(anonymous_0)
DA:10,1
DA:11,1
DA:12,1
DA:15,1
DA:18,1
DA:21,1
DA:22,1
DA:25,1
DA:26,1
DA:29,1
DA:30,1
DA:31,1
LF:12
LH:12
BRDA:25,0,0,1
BRDA:25,0,1,0
BRF:2
BRH:1
end_of_record
TN:
SF:src/interfaces/cli/commands/prune.ts
FN:13,(anonymous_0)
FN:21,(anonymous_1)
FNF:2
FNH:1
FNDA:1,(anonymous_0)
FNDA:0,(anonymous_1)
DA:9,1
DA:10,1
DA:11,1
DA:14,1
DA:15,1
DA:16,1
DA:18,1
DA:19,1
DA:21,0
DA:22,0
DA:23,0
DA:24,0
LF:12
LH:8
BRDA:18,0,0,1
BRDA:18,0,1,0
BRDA:22,1,0,0
BRDA:22,1,1,0
BRF:4
BRH:1
end_of_record
TN:
SF:src/interfaces/cli/commands/query.ts
FN:13,(anonymous_0)
FN:26,(anonymous_1)
FN:32,(anonymous_2)
FNF:3
FNH:2
FNDA:1,(anonymous_0)
FNDA:0,(anonymous_1)
FNDA:1,(anonymous_2)
DA:9,1
DA:10,1
DA:11,1
DA:14,1
DA:15,1
DA:16,0
DA:17,0
DA:19,1
DA:20,1
DA:21,1
DA:22,1
DA:24,1
DA:25,0
DA:26,0
DA:27,0
DA:28,0
DA:31,1
DA:32,1
DA:33,1
DA:34,1
DA:35,1
DA:36,1
LF:22
LH:16
BRDA:15,0,0,0
BRDA:15,0,1,1
BRDA:24,1,0,0
BRDA:24,1,1,1
BRDA:33,2,0,1
BRDA:33,2,1,0
BRDA:34,3,0,1
BRDA:34,3,1,0
BRDA:35,4,0,1
BRDA:35,4,1,0
BRF:10
BRH:5
end_of_record
TN:
SF:src/interfaces/cli/commands/rename.ts
FN:14,(anonymous_0)
FN:28,(anonymous_1)
FNF:2
FNH:1
FNDA:1,(anonymous_0)
FNDA:0,(anonymous_1)
DA:10,1
DA:11,1
DA:12,1
DA:15,1
DA:16,1
DA:17,1
DA:18,0
DA:19,0
DA:22,1
DA:23,1
DA:25,1
DA:26,0
DA:27,0
DA:28,0
DA:30,1
LF:15
LH:10
BRDA:17,0,0,0
BRDA:17,0,1,1
BRDA:17,1,0,1
BRDA:17,1,1,1
BRDA:25,2,0,0
BRDA:25,2,1,1
BRF:6
BRH:4
end_of_record
TN:
SF:src/interfaces/cli/commands/resonance.ts
FN:13,(anonymous_0)
FNF:1
FNH:1
FNDA:1,(anonymous_0)
DA:9,1
DA:10,1
DA:11,1
DA:14,1
DA:15,1
DA:16,0
DA:17,0
DA:20,1
DA:21,1
DA:22,1
DA:23,1
DA:24,1
DA:25,1
LF:13
LH:11
BRDA:15,0,0,0
BRDA:15,0,1,1
BRDA:23,1,0,1
BRDA:23,1,1,0
BRDA:25,2,0,1
BRDA:25,2,1,0
BRDA:25,3,0,1
BRDA:25,3,1,0
BRF:8
BRH:4
end_of_record
TN:
SF:src/interfaces/cli/commands/setup.ts
FN:14,(anonymous_0)
FNF:1
FNH:1
FNDA:1,(anonymous_0)
DA:10,1
DA:11,1
DA:12,1
DA:15,1
DA:18,1
DA:19,1
DA:20,1
DA:21,1
DA:24,1
DA:25,1
DA:26,1
DA:27,1
DA:29,1
LF:13
LH:13
BRF:0
BRH:0
end_of_record
TN:
SF:src/interfaces/cli/commands/status.ts
FN:15,(anonymous_0)
FN:16,(anonymous_1)
FN:50,(anonymous_2)
FN:51,(anonymous_3)
FN:55,(anonymous_4)
FNF:5
FNH:2
FNDA:2,(anonymous_0)
FNDA:2,(anonymous_1)
FNDA:0,(anonymous_2)
FNDA:0,(anonymous_3)
FNDA:0,(anonymous_4)
DA:11,2
DA:12,2
DA:13,2
DA:16,2
DA:17,2
DA:22,2
DA:24,2
DA:25,2
DA:27,2
DA:28,2
DA:31,2
DA:33,2
DA:34,2
DA:36,2
DA:37,2
DA:38,2
DA:39,2
DA:40,2
DA:42,2
DA:43,1
DA:45,1
DA:48,2
DA:49,2
DA:50,0
DA:51,0
DA:54,2
DA:55,2
DA:56,0
DA:60,2
LF:29
LH:26
BRDA:17,0,0,2
BRDA:17,0,1,0
BRDA:17,1,0,0
BRDA:17,1,1,2
BRDA:22,2,0,2
BRDA:22,2,1,0
BRDA:42,3,0,1
BRDA:42,3,1,1
BRDA:51,4,0,0
BRDA:51,4,1,0
BRDA:51,5,0,0
BRDA:51,5,1,0
BRDA:56,6,0,0
BRDA:56,6,1,0
BRF:14
BRH:5
end_of_record
TN:
SF:src/interfaces/cli/commands/trace.ts
FN:15,(anonymous_0)
FN:42,(anonymous_1)
FNF:2
FNH:1
FNDA:1,(anonymous_0)
FNDA:0,(anonymous_1)
DA:11,1
DA:12,1
DA:13,1
DA:16,1
DA:17,1
DA:19,1
DA:20,0
DA:21,0
DA:24,1
DA:26,1
DA:27,1
DA:29,1
DA:30,0
DA:31,0
DA:34,1
DA:35,1
DA:37,1
DA:38,0
DA:39,0
DA:42,0
DA:43,0
DA:44,0
DA:45,0
DA:49,1
LF:24
LH:14
BRDA:17,0,0,1
BRDA:17,0,1,1
BRDA:19,1,0,0
BRDA:19,1,1,1
BRDA:29,2,0,0
BRDA:29,2,1,1
BRDA:37,3,0,0
BRDA:37,3,1,0
BRDA:44,4,0,0
BRDA:44,4,1,0
BRF:10
BRH:4
end_of_record
TN:
SF:src/interfaces/cli/commands/verify.ts
FN:14,(anonymous_0)
FN:18,(anonymous_1)
FN:25,(anonymous_2)
FNF:3
FNH:2
FNDA:1,(anonymous_0)
FNDA:0,(anonymous_1)
FNDA:1,(anonymous_2)
DA:10,1
DA:11,1
DA:12,1
DA:15,1
DA:17,1
DA:18,1
DA:19,1
DA:21,1
DA:22,0
DA:24,1
DA:25,1
DA:26,1
LF:12
LH:11
BRDA:21,0,0,0
BRDA:21,0,1,1
BRF:2
BRH:1
end_of_record
TN:
SF:src/interfaces/cli/commands/watch.ts
FN:14,(anonymous_0)
FNF:1
FNH:1
FNDA:1,(anonymous_0)
DA:10,1
DA:11,1
DA:12,1
DA:15,1
DA:16,1
DA:17,1
LF:6
LH:6
BRF:0
BRH:0
end_of_record
TN:
SF:src/interfaces/tools/entry.ts
FN:10,main
FN:34,(anonymous_1)
FNF:2
FNH:0
FNDA:0,main
FNDA:0,(anonymous_1)
DA:11,0
DA:12,0
DA:13,0
DA:16,0
DA:19,0
DA:20,0
DA:23,1
DA:24,1
DA:27,1
DA:33,1
DA:34,0
DA:35,0
DA:36,0
LF:13
LH:4
BRDA:27,0,0,1
BRDA:27,0,1,1
BRDA:27,0,2,1
BRDA:27,0,3,1
BRDA:33,1,0,0
BRDA:33,1,1,1
BRF:6
BRH:5
end_of_record
TN:
SF:src/interfaces/tools/hypertoon.ts
FN:21,(anonymous_0)
FN:37,(anonymous_1)
FN:70,(anonymous_2)
FNF:3
FNH:2
FNDA:3,(anonymous_0)
FNDA:3,(anonymous_1)
FNDA:0,(anonymous_2)
DA:7,3
DA:8,3
DA:23,3
DA:26,3
DA:27,0
DA:30,3
DA:38,3
DA:39,3
DA:42,3
DA:43,30
DA:47,3
DA:50,24
DA:52,24
DA:53,0
DA:54,0
DA:55,0
DA:56,0
DA:57,0
DA:61,24
DA:64,3
DA:71,0
DA:72,0
LF:22
LH:14
BRDA:26,0,0,0
BRDA:26,0,1,3
BRDA:52,1,0,0
BRDA:52,1,1,24
BRDA:55,2,0,0
BRDA:55,2,1,0
BRDA:72,3,0,0
BRDA:72,3,1,0
BRF:8
BRH:2
end_of_record
TN:
SF:src/interfaces/tools/index.ts
FN:10,main
FN:13,(anonymous_1)
FN:45,(anonymous_2)
FNF:3
FNH:0
FNDA:0,main
FNDA:0,(anonymous_1)
FNDA:0,(anonymous_2)
DA:12,0
DA:13,0
DA:17,0
DA:19,0
DA:20,0
DA:23,0
DA:25,0
DA:26,0
DA:29,0
DA:30,0
DA:34,1
DA:35,1
DA:38,1
DA:44,1
DA:45,0
DA:46,0
DA:47,0
LF:17
LH:4
BRDA:25,0,0,0
BRDA:25,0,1,0
BRDA:38,1,0,1
BRDA:38,1,1,1
BRDA:38,1,2,1
BRDA:38,1,3,1
BRDA:44,2,0,0
BRDA:44,2,1,1
BRF:8
BRH:5
end_of_record
TN:
SF:src/interfaces/tools/server.ts
FN:29,(anonymous_0)
FN:50,(anonymous_1)
FN:72,(anonymous_2)
FN:73,(anonymous_3)
FN:90,(anonymous_4)
FN:121,(anonymous_5)
FN:130,(anonymous_6)
FN:136,(anonymous_7)
FN:141,(anonymous_8)
FN:147,(anonymous_9)
FNF:10
FNH:4
FNDA:3,(anonymous_0)
FNDA:3,(anonymous_1)
FNDA:3,(anonymous_2)
FNDA:0,(anonymous_3)
FNDA:0,(anonymous_4)
FNDA:1,(anonymous_5)
FNDA:0,(anonymous_6)
FNDA:0,(anonymous_7)
FNDA:0,(anonymous_8)
FNDA:0,(anonymous_9)
DA:30,3
DA:43,3
DA:44,3
DA:51,3
DA:54,3
DA:58,3
DA:61,3
DA:62,54
DA:64,3
DA:67,3
DA:69,3
DA:73,3
DA:90,3
DA:91,0
DA:92,0
DA:94,0
DA:95,0
DA:104,0
DA:105,0
DA:114,0
DA:122,1
DA:123,1
DA:124,1
DA:131,0
DA:132,0
DA:134,0
DA:136,0
DA:137,0
DA:138,0
DA:141,0
DA:142,0
DA:143,0
DA:147,0
DA:148,0
LF:34
LH:16
BRDA:94,0,0,0
BRDA:94,0,1,0
BRDA:104,1,0,0
BRDA:104,1,1,0
BRDA:130,2,0,0
BRDA:142,3,0,0
BRDA:142,3,1,0
BRF:7
BRH:0
end_of_record
TN:
SF:src/interfaces/tools/tools/kinetic.ts
FN:25,(anonymous_0)
FN:33,(anonymous_1)
FN:50,(anonymous_2)
FN:61,(anonymous_3)
FN:76,(anonymous_4)
FN:88,(anonymous_5)
FN:104,(anonymous_6)
FN:107,(anonymous_7)
FNF:8
FNH:0
FNDA:0,(anonymous_0)
FNDA:0,(anonymous_1)
FNDA:0,(anonymous_2)
FNDA:0,(anonymous_3)
FNDA:0,(anonymous_4)
FNDA:0,(anonymous_5)
FNDA:0,(anonymous_6)
FNDA:0,(anonymous_7)
DA:9,3
DA:26,0
DA:27,0
DA:28,0
DA:30,0
DA:31,0
DA:33,0
DA:51,0
DA:52,0
DA:53,0
DA:54,0
DA:56,0
DA:57,0
DA:59,0
DA:61,0
DA:77,0
DA:78,0
DA:79,0
DA:81,0
DA:88,0
DA:105,0
DA:107,0
LF:22
LH:1
BRDA:26,0,0,0
BRDA:26,0,1,0
BRDA:26,1,0,0
BRDA:26,1,1,0
BRDA:51,2,0,0
BRDA:51,2,1,0
BRDA:52,3,0,0
BRDA:52,3,1,0
BRDA:56,4,0,0
BRDA:56,4,1,0
BRDA:56,5,0,0
BRDA:56,5,1,0
BRDA:56,5,2,0
BRDA:78,6,0,0
BRDA:78,6,1,0
BRF:15
BRH:0
end_of_record
TN:
SF:src/interfaces/tools/tools/synapse.ts
FN:17,(anonymous_0)
FN:24,(anonymous_1)
FN:26,(anonymous_2)
FN:29,(anonymous_3)
FN:30,(anonymous_4)
FN:32,(anonymous_5)
FN:45,(anonymous_6)
FN:63,(anonymous_7)
FN:65,(anonymous_8)
FN:72,(anonymous_9)
FN:84,(anonymous_10)
FN:85,(anonymous_11)
FN:102,(anonymous_12)
FN:113,(anonymous_13)
FN:130,(anonymous_14)
FN:135,(anonymous_15)
FN:136,(anonymous_16)
FN:146,(anonymous_17)
FNF:18
FNH:0
FNDA:0,(anonymous_0)
FNDA:0,(anonymous_1)
FNDA:0,(anonymous_2)
FNDA:0,(anonymous_3)
FNDA:0,(anonymous_4)
FNDA:0,(anonymous_5)
FNDA:0,(anonymous_6)
FNDA:0,(anonymous_7)
FNDA:0,(anonymous_8)
FNDA:0,(anonymous_9)
FNDA:0,(anonymous_10)
FNDA:0,(anonymous_11)
FNDA:0,(anonymous_12)
FNDA:0,(anonymous_13)
FNDA:0,(anonymous_14)
FNDA:0,(anonymous_15)
FNDA:0,(anonymous_16)
FNDA:0,(anonymous_17)
DA:9,3
DA:18,0
DA:19,0
DA:20,0
DA:21,0
DA:23,0
DA:24,0
DA:26,0
DA:28,0
DA:29,0
DA:30,0
DA:32,0
DA:34,0
DA:36,0
DA:45,0
DA:64,0
DA:65,0
DA:67,0
DA:68,0
DA:69,0
DA:71,0
DA:72,0
DA:85,0
DA:86,0
DA:103,0
DA:104,0
DA:105,0
DA:107,0
DA:108,0
DA:109,0
DA:111,0
DA:113,0
DA:131,0
DA:132,0
DA:133,0
DA:134,0
DA:135,0
DA:136,0
DA:139,0
DA:141,0
DA:142,0
DA:143,0
DA:144,0
DA:146,0
LF:44
LH:1
BRDA:24,0,0,0
BRDA:24,0,1,0
BRDA:24,1,0,0
BRDA:24,1,1,0
BRDA:30,2,0,0
BRDA:30,2,1,0
BRDA:30,3,0,0
BRDA:30,3,1,0
BRDA:67,4,0,0
BRDA:67,4,1,0
BRDA:67,5,0,0
BRDA:67,5,1,0
BRDA:68,6,0,0
BRDA:68,6,1,0
BRDA:68,7,0,0
BRDA:68,7,1,0
BRDA:69,8,0,0
BRDA:69,8,1,0
BRDA:69,9,0,0
BRDA:69,9,1,0
BRDA:70,10,0,0
BRDA:70,10,1,0
BRDA:86,11,0,0
BRDA:86,11,1,0
BRDA:103,12,0,0
BRDA:103,12,1,0
BRDA:107,13,0,0
BRDA:107,13,1,0
BRDA:113,14,0,0
BRDA:113,14,1,0
BRDA:132,15,0,0
BRDA:132,15,1,0
BRDA:135,16,0,0
BRDA:135,16,1,0
BRDA:135,17,0,0
BRDA:135,17,1,0
BRDA:139,18,0,0
BRDA:139,18,1,0
BRDA:141,19,0,0
BRDA:141,19,1,0
BRDA:142,20,0,0
BRDA:142,20,1,0
BRDA:143,21,0,0
BRDA:143,21,1,0
BRF:44
BRH:0
end_of_record
TN:
SF:src/interfaces/web/mirror-server.ts
FN:16,(anonymous_0)
FN:20,(anonymous_1)
FN:25,(anonymous_2)
FN:250,(anonymous_3)
FN:255,(anonymous_4)
FN:281,(anonymous_5)
FN:288,(anonymous_6)
FN:289,(anonymous_7)
FN:297,(anonymous_8)
FN:299,(anonymous_9)
FN:307,(anonymous_10)
FN:308,(anonymous_11)
FN:316,initGlobalMirror
FNF:13
FNH:4
FNDA:1,(anonymous_0)
FNDA:1,(anonymous_1)
FNDA:0,(anonymous_2)
FNDA:0,(anonymous_3)
FNDA:0,(anonymous_4)
FNDA:0,(anonymous_5)
FNDA:0,(anonymous_6)
FNDA:0,(anonymous_7)
FNDA:0,(anonymous_8)
FNDA:0,(anonymous_9)
FNDA:1,(anonymous_10)
FNDA:0,(anonymous_11)
FNDA:1,initGlobalMirror
DA:13,1
DA:14,1
DA:16,1
DA:17,1
DA:21,1
DA:22,1
DA:25,1
DA:26,0
DA:250,1
DA:251,0
DA:252,0
DA:253,0
DA:255,0
DA:264,0
DA:265,0
DA:266,0
DA:267,0
DA:277,0
DA:281,1
DA:282,0
DA:283,0
DA:284,0
DA:285,0
DA:287,0
DA:288,0
DA:289,0
DA:298,0
DA:299,0
DA:300,0
DA:308,1
DA:309,0
DA:315,31
DA:317,1
DA:318,1
LF:34
LH:13
BRDA:257,0,0,0
BRDA:257,0,1,0
BRDA:259,1,0,0
BRDA:259,1,1,0
BRDA:260,2,0,0
BRDA:260,2,1,0
BRDA:307,3,0,0
BRF:7
BRH:0
end_of_record
TN:
SF:src/lib/core/algorithms/cochange-engine.ts
FN:12,(anonymous_0)
FN:20,(anonymous_1)
FN:49,(anonymous_2)
FN:50,(anonymous_3)
FN:72,(anonymous_4)
FN:78,(anonymous_5)
FN:79,(anonymous_6)
FNF:7
FNH:6
FNDA:2,(anonymous_0)
FNDA:2,(anonymous_1)
FNDA:2,(anonymous_2)
FNDA:2,(anonymous_3)
FNDA:2,(anonymous_4)
FNDA:1,(anonymous_5)
FNDA:0,(anonymous_6)
DA:13,2
DA:14,2
DA:21,2
DA:22,0
DA:27,2
DA:28,2
DA:29,2
DA:31,0
DA:32,0
DA:35,2
DA:36,2
DA:37,2
DA:39,2
DA:40,27
DA:41,9
DA:42,18
DA:43,18
DA:49,2
DA:50,2
DA:51,2
DA:54,2
DA:55,2
DA:56,18
DA:58,2
DA:61,2
DA:72,2
DA:73,2
DA:75,2
DA:76,2
DA:78,2
DA:79,0
DA:81,2
DA:82,1
DA:89,2
LF:34
LH:30
BRDA:13,0,0,0
BRDA:21,1,0,0
BRDA:21,1,1,2
BRDA:28,2,0,2
BRDA:28,2,1,0
BRDA:40,3,0,9
BRDA:40,3,1,18
BRDA:42,4,0,18
BRDA:42,4,1,0
BRDA:51,5,0,0
BRDA:51,5,1,2
BRDA:73,6,0,0
BRDA:73,6,1,2
BRDA:78,7,0,2
BRDA:78,7,1,1
BRDA:81,8,0,1
BRDA:81,8,1,1
BRF:17
BRH:11
end_of_record
TN:
SF:src/lib/core/algorithms/entropy.ts
FN:16,calculateShannonEntropy
FN:18,(anonymous_1)
FN:37,normalizeEntropyRisk
FNF:3
FNH:3
FNDA:25,calculateShannonEntropy
FNDA:9,(anonymous_1)
FNDA:24,normalizeEntropyRisk
DA:17,25
DA:18,25
DA:20,25
DA:22,4
DA:23,4
DA:24,9
DA:25,9
DA:26,9
DA:30,4
DA:38,24
DA:41,2
DA:42,2
LF:12
LH:12
BRDA:20,0,0,21
BRDA:20,0,1,4
BRDA:25,1,0,9
BRDA:25,1,1,0
BRDA:38,2,0,22
BRDA:38,2,1,2
BRF:6
BRH:5
end_of_record
TN:
SF:src/lib/core/algorithms/clustering/daac.ts
FN:14,(anonymous_0)
FN:19,(anonymous_1)
FN:27,(anonymous_2)
FN:73,(anonymous_3)
FN:88,(anonymous_4)
FN:89,(anonymous_5)
FN:108,(anonymous_6)
FN:119,(anonymous_7)
FN:133,(anonymous_8)
FN:144,(anonymous_9)
FNF:10
FNH:9
FNDA:3,(anonymous_0)
FNDA:5,(anonymous_1)
FNDA:5,(anonymous_2)
FNDA:5,(anonymous_3)
FNDA:3,(anonymous_4)
FNDA:0,(anonymous_5)
FNDA:6,(anonymous_6)
FNDA:1,(anonymous_7)
FNDA:3,(anonymous_8)
FNDA:6,(anonymous_9)
DA:18,3
DA:19,5
DA:22,3
DA:23,3
DA:26,3
DA:27,3
DA:28,5
DA:29,5
DA:30,5
DA:33,3
DA:36,3
DA:37,3
DA:38,4
DA:39,4
DA:40,4
DA:42,4
DA:43,4
DA:44,7
DA:45,5
DA:52,5
DA:53,1
DA:54,1
DA:59,4
DA:60,1
DA:61,1
DA:65,3
DA:66,3
DA:79,5
DA:80,5
DA:82,5
DA:83,5
DA:85,5
DA:86,6
DA:88,6
DA:89,0
DA:90,6
DA:93,6
DA:94,6
DA:99,5
DA:100,5
DA:102,5
DA:109,6
DA:110,6
DA:111,6
DA:112,6
DA:113,18
DA:116,6
DA:125,1
DA:126,1
DA:127,1
DA:128,1
DA:130,1
DA:134,3
DA:135,3
DA:136,3
DA:137,5
DA:138,5
DA:141,3
DA:145,6
DA:146,0
LF:60
LH:58
BRDA:16,0,0,1
BRDA:52,1,0,1
BRDA:52,1,1,4
BRDA:52,2,0,5
BRDA:52,2,1,1
BRDA:59,3,0,1
BRDA:59,3,1,3
BRDA:90,4,0,1
BRDA:90,4,1,5
BRDA:112,5,0,24
BRDA:112,5,1,24
BRDA:112,5,2,24
BRDA:137,6,0,5
BRDA:137,6,1,0
BRDA:145,7,0,0
BRDA:145,7,1,6
BRF:16
BRH:14
end_of_record
TN:
SF:src/lib/core/algorithms/refactor/gvr-engine.ts
FN:20,(anonymous_0)
FN:33,(anonymous_1)
FN:36,(anonymous_2)
FN:74,(anonymous_3)
FNF:4
FNH:3
FNDA:2,(anonymous_0)
FNDA:2,(anonymous_1)
FNDA:4,(anonymous_2)
FNDA:0,(anonymous_3)
DA:25,2
DA:26,2
DA:27,0
DA:31,2
DA:32,2
DA:33,2
DA:35,2
DA:36,2
DA:37,4
DA:38,4
DA:39,4
DA:47,2
DA:48,2
DA:50,2
DA:51,4
DA:52,4
DA:56,2
DA:57,4
DA:59,4
DA:62,4
DA:65,1
DA:73,1
DA:74,2
DA:78,1
LF:24
LH:23
BRDA:26,0,0,0
BRDA:26,0,1,2
BRDA:38,1,0,4
BRDA:38,1,1,0
BRDA:38,2,0,4
BRDA:38,2,1,4
BRF:6
BRH:4
end_of_record
TN:
SF:src/lib/core/git/chronicle-interface.ts
FN:13,(anonymous_0)
FN:20,(anonymous_1)
FN:24,(anonymous_2)
FN:32,(anonymous_3)
FN:46,(anonymous_4)
FN:47,(anonymous_5)
FN:48,(anonymous_6)
FN:49,(anonymous_7)
FN:60,(anonymous_8)
FN:78,(anonymous_9)
FN:87,(anonymous_10)
FN:90,(anonymous_11)
FN:101,(anonymous_12)
FN:104,(anonymous_13)
FN:112,(anonymous_14)
FN:115,(anonymous_15)
FN:135,(anonymous_16)
FN:142,(anonymous_17)
FN:147,(anonymous_18)
FN:148,(anonymous_19)
FN:161,(anonymous_20)
FN:188,(anonymous_21)
FN:197,(anonymous_22)
FN:213,(anonymous_23)
FN:263,(anonymous_24)
FN:276,(anonymous_25)
FN:286,(anonymous_26)
FN:299,(anonymous_27)
FN:307,(anonymous_28)
FNF:29
FNH:16
FNDA:41,(anonymous_0)
FNDA:2,(anonymous_1)
FNDA:3,(anonymous_2)
FNDA:2,(anonymous_3)
FNDA:13,(anonymous_4)
FNDA:9,(anonymous_5)
FNDA:9,(anonymous_6)
FNDA:5,(anonymous_7)
FNDA:0,(anonymous_8)
FNDA:0,(anonymous_9)
FNDA:0,(anonymous_10)
FNDA:0,(anonymous_11)
FNDA:0,(anonymous_12)
FNDA:0,(anonymous_13)
FNDA:0,(anonymous_14)
FNDA:0,(anonymous_15)
FNDA:0,(anonymous_16)
FNDA:0,(anonymous_17)
FNDA:0,(anonymous_18)
FNDA:0,(anonymous_19)
FNDA:21,(anonymous_20)
FNDA:21,(anonymous_21)
FNDA:14,(anonymous_22)
FNDA:21,(anonymous_23)
FNDA:1,(anonymous_24)
FNDA:1,(anonymous_25)
FNDA:63,(anonymous_26)
FNDA:1,(anonymous_27)
FNDA:0,(anonymous_28)
DA:15,41
DA:17,41
DA:21,2
DA:25,3
DA:33,2
DA:36,2
DA:37,2
DA:38,2
DA:39,0
DA:42,2
DA:43,4
DA:44,4
DA:45,4
DA:46,13
DA:47,9
DA:48,9
DA:49,5
DA:53,2
DA:57,0
DA:58,0
DA:60,0
DA:61,0
DA:62,0
DA:63,0
DA:64,0
DA:65,0
DA:66,0
DA:70,0
DA:71,0
DA:72,0
DA:78,0
DA:79,0
DA:88,0
DA:89,0
DA:90,0
DA:91,0
DA:92,0
DA:94,0
DA:102,0
DA:103,0
DA:104,0
DA:106,0
DA:113,0
DA:114,0
DA:115,0
DA:118,0
DA:119,0
DA:122,0
DA:123,0
DA:124,0
DA:125,0
DA:126,0
DA:128,0
DA:136,0
DA:143,0
DA:144,0
DA:145,0
DA:146,0
DA:147,0
DA:149,0
DA:150,0
DA:153,0
DA:162,21
DA:163,10
DA:166,11
DA:167,11
DA:170,11
DA:171,11
DA:172,11
DA:175,11
DA:176,11
DA:177,11
DA:179,11
DA:181,0
DA:189,21
DA:190,10
DA:193,11
DA:194,11
DA:195,11
DA:196,11
DA:197,14
DA:199,11
DA:200,11
DA:201,3
DA:203,11
DA:205,0
DA:214,21
DA:215,21
DA:216,10
DA:219,11
DA:220,11
DA:221,11
DA:222,11
DA:223,1
DA:225,1
DA:226,1
DA:227,1
DA:229,1
DA:230,8
DA:231,8
DA:232,2
DA:233,2
DA:234,2
DA:236,2
DA:238,1
DA:239,1
DA:240,1
DA:241,1
DA:242,5
DA:243,5
DA:244,5
DA:246,1
DA:249,2
DA:253,1
DA:255,10
DA:264,1
DA:265,1
DA:266,1
DA:268,0
DA:277,1
DA:278,1
DA:279,1
DA:280,1
DA:282,0
DA:287,63
DA:288,33
DA:291,30
DA:292,30
DA:300,1
DA:308,0
DA:312,32
LF:131
LH:81
BRDA:14,0,0,32
BRDA:14,1,0,32
BRDA:14,1,1,32
BRDA:15,2,0,34
BRDA:32,3,0,2
BRDA:38,4,0,0
BRDA:38,4,1,2
BRDA:48,5,0,9
BRDA:48,5,1,7
BRDA:53,6,0,2
BRDA:53,6,1,0
BRDA:64,7,0,0
BRDA:64,7,1,0
BRDA:65,8,0,0
BRDA:65,8,1,0
BRDA:65,9,0,0
BRDA:65,9,1,0
BRDA:65,9,2,0
BRDA:65,9,3,0
BRDA:71,10,0,0
BRDA:71,10,1,0
BRDA:71,11,0,0
BRDA:71,11,1,0
BRDA:87,12,0,0
BRDA:87,13,0,0
BRDA:101,14,0,0
BRDA:113,15,0,0
BRDA:113,15,1,0
BRDA:118,16,0,0
BRDA:118,16,1,0
BRDA:135,17,0,0
BRDA:162,18,0,10
BRDA:162,18,1,11
BRDA:172,19,0,11
BRDA:172,19,1,10
BRDA:177,20,0,11
BRDA:177,20,1,10
BRDA:189,21,0,10
BRDA:189,21,1,11
BRDA:201,22,0,3
BRDA:201,22,1,2
BRDA:215,23,0,10
BRDA:215,23,1,11
BRDA:231,24,0,2
BRDA:231,24,1,6
BRDA:236,25,0,1
BRDA:236,25,1,1
BRDA:241,26,0,6
BRDA:241,26,1,6
BRDA:242,27,0,1
BRDA:242,27,1,4
BRDA:243,28,0,1
BRDA:243,28,1,4
BRDA:280,29,0,1
BRDA:280,29,1,0
BRDA:287,30,0,33
BRDA:287,30,1,30
BRDA:292,31,0,30
BRDA:292,31,1,30
BRF:59
BRH:36
end_of_record
TN:
SF:src/lib/core/graph/adjacency-list.ts
FN:52,(anonymous_0)
FN:63,(anonymous_1)
FN:79,(anonymous_2)
FN:105,(anonymous_3)
FN:128,(anonymous_4)
FN:129,(anonymous_5)
FN:130,(anonymous_6)
FN:162,(anonymous_7)
FN:176,(anonymous_8)
FN:194,(anonymous_9)
FN:205,(anonymous_10)
FN:207,(anonymous_11)
FN:225,(anonymous_12)
FN:250,(anonymous_13)
FN:256,(anonymous_14)
FN:314,(anonymous_15)
FN:318,(anonymous_16)
FN:322,(anonymous_17)
FN:326,(anonymous_18)
FN:330,(anonymous_19)
FN:338,(anonymous_20)
FN:344,(anonymous_21)
FN:366,(anonymous_22)
FN:371,(anonymous_23)
FN:390,(anonymous_24)
FN:402,(anonymous_25)
FN:430,(anonymous_26)
FN:472,(anonymous_27)
FN:473,(anonymous_28)
FN:474,(anonymous_29)
FN:478,(anonymous_30)
FN:493,(anonymous_31)
FN:501,(anonymous_32)
FN:539,(anonymous_33)
FNF:34
FNH:32
FNDA:3,(anonymous_0)
FNDA:298,(anonymous_1)
FNDA:169,(anonymous_2)
FNDA:5,(anonymous_3)
FNDA:21,(anonymous_4)
FNDA:57,(anonymous_5)
FNDA:7,(anonymous_6)
FNDA:19,(anonymous_7)
FNDA:336,(anonymous_8)
FNDA:585,(anonymous_9)
FNDA:3,(anonymous_10)
FNDA:6,(anonymous_11)
FNDA:1,(anonymous_12)
FNDA:0,(anonymous_13)
FNDA:0,(anonymous_14)
FNDA:160,(anonymous_15)
FNDA:113,(anonymous_16)
FNDA:5,(anonymous_17)
FNDA:12,(anonymous_18)
FNDA:2,(anonymous_19)
FNDA:4,(anonymous_20)
FNDA:3,(anonymous_21)
FNDA:14,(anonymous_22)
FNDA:46,(anonymous_23)
FNDA:820,(anonymous_24)
FNDA:880,(anonymous_25)
FNDA:12,(anonymous_26)
FNDA:20,(anonymous_27)
FNDA:51,(anonymous_28)
FNDA:40,(anonymous_29)
FNDA:51,(anonymous_30)
FNDA:9,(anonymous_31)
FNDA:53,(anonymous_32)
FNDA:37,(anonymous_33)
DA:46,146
DA:47,146
DA:48,146
DA:49,146
DA:50,146
DA:53,3
DA:54,3
DA:55,3
DA:56,3
DA:57,3
DA:64,298
DA:65,297
DA:68,297
DA:69,297
DA:70,297
DA:71,297
DA:81,169
DA:82,169
DA:84,169
DA:85,169
DA:89,169
DA:91,168
DA:92,168
DA:95,168
DA:96,168
DA:106,5
DA:107,5
DA:110,5
DA:111,5
DA:112,5
DA:113,5
DA:117,5
DA:120,5
DA:121,5
DA:129,57
DA:130,21
DA:132,21
DA:134,7
DA:135,7
DA:136,3
DA:137,4
DA:138,4
DA:139,5
DA:144,7
DA:145,7
DA:146,4
DA:147,1
DA:148,1
DA:149,1
DA:155,7
DA:156,7
DA:159,7
DA:160,7
DA:161,7
DA:162,19
DA:166,7
DA:177,336
DA:178,336
DA:180,327
DA:181,327
DA:184,327
DA:185,327
DA:188,327
DA:195,585
DA:199,585
DA:206,3
DA:207,6
DA:209,3
DA:210,3
DA:211,3
DA:212,1
DA:213,1
DA:214,1
DA:215,1
DA:219,3
DA:226,1
DA:227,1
DA:228,1
DA:230,1
DA:231,3
DA:233,3
DA:234,3
DA:235,3
DA:237,3
DA:238,2
DA:242,1
DA:251,0
DA:252,0
DA:253,0
DA:254,0
DA:256,0
DA:257,0
DA:258,0
DA:259,0
DA:261,0
DA:262,0
DA:265,0
DA:267,0
DA:269,0
DA:270,0
DA:272,0
DA:273,0
DA:274,0
DA:275,0
DA:276,0
DA:280,0
DA:282,0
DA:284,0
DA:285,0
DA:286,0
DA:287,0
DA:288,0
DA:290,0
DA:293,0
DA:295,0
DA:296,0
DA:297,0
DA:299,0
DA:300,0
DA:301,0
DA:302,0
DA:303,0
DA:308,0
DA:315,160
DA:319,113
DA:323,5
DA:327,12
DA:331,2
DA:339,4
DA:342,4
DA:343,4
DA:344,3
DA:348,1
DA:349,1
DA:350,1
DA:351,1
DA:352,1
DA:354,1
DA:357,1
DA:367,14
DA:368,14
DA:371,10
DA:372,46
DA:373,46
DA:376,10
DA:377,10
DA:379,10
DA:380,46
DA:383,10
DA:384,260
DA:385,260
DA:388,260
DA:389,1180
DA:390,1180
DA:391,1180
DA:395,260
DA:396,1180
DA:397,1180
DA:398,1180
DA:399,400
DA:400,760
DA:401,760
DA:402,880
DA:403,760
DA:407,1180
DA:408,1180
DA:410,260
DA:414,10
DA:415,46
DA:416,46
DA:420,10
DA:431,12
DA:432,12
DA:434,12
DA:435,52
DA:436,52
DA:437,52
DA:439,52
DA:442,52
DA:443,0
DA:447,52
DA:448,3
DA:452,52
DA:453,1
DA:457,52
DA:458,52
DA:459,52
DA:460,1
DA:464,52
DA:465,0
DA:468,52
DA:473,51
DA:474,40
DA:475,20
DA:477,20
DA:478,51
DA:480,20
DA:494,9
DA:495,9
DA:496,9
DA:497,9
DA:498,9
DA:499,9
DA:501,9
DA:503,53
DA:504,53
DA:505,53
DA:506,53
DA:507,53
DA:510,53
DA:511,53
DA:512,46
DA:514,5
DA:515,5
DA:516,41
DA:519,4
DA:524,53
DA:525,48
DA:527,48
DA:528,53
DA:529,53
DA:530,53
DA:534,48
DA:535,4
DA:536,44
DA:538,44
DA:539,44
DA:540,0
DA:546,9
DA:547,53
DA:548,48
DA:552,9
LF:232
LH:192
BRDA:64,0,0,1
BRDA:64,0,1,297
BRDA:68,1,0,297
BRDA:68,1,1,0
BRDA:69,2,0,297
BRDA:69,2,1,0
BRDA:70,3,0,265
BRDA:70,3,1,32
BRDA:81,4,0,161
BRDA:81,4,1,8
BRDA:82,5,0,119
BRDA:82,5,1,50
BRDA:89,6,0,1
BRDA:89,6,1,10
BRDA:107,7,0,0
BRDA:107,7,1,5
BRDA:111,8,0,5
BRDA:111,8,1,0
BRDA:113,9,0,5
BRDA:113,9,1,0
BRDA:120,10,0,2
BRDA:120,10,1,3
BRDA:135,11,0,3
BRDA:135,11,1,4
BRDA:138,12,0,4
BRDA:138,12,1,0
BRDA:139,13,0,4
BRDA:139,13,1,1
BRDA:145,14,0,4
BRDA:145,14,1,3
BRDA:148,15,0,1
BRDA:148,15,1,0
BRDA:149,16,0,1
BRDA:149,16,1,0
BRDA:160,17,0,7
BRDA:160,17,1,0
BRDA:160,18,0,7
BRDA:160,18,1,7
BRDA:161,19,0,7
BRDA:161,19,1,0
BRDA:178,20,0,9
BRDA:178,20,1,327
BRDA:180,21,0,327
BRDA:180,21,1,135
BRDA:181,22,0,327
BRDA:181,22,1,148
BRDA:195,23,0,463
BRDA:195,23,1,122
BRDA:199,24,0,337
BRDA:199,24,1,248
BRDA:212,25,0,1
BRDA:212,25,1,0
BRDA:214,26,0,1
BRDA:214,26,1,0
BRDA:214,27,0,1
BRDA:214,27,1,1
BRDA:225,28,0,1
BRDA:233,29,0,0
BRDA:233,29,1,3
BRDA:233,30,0,3
BRDA:233,30,1,3
BRDA:258,31,0,0
BRDA:258,31,1,0
BRDA:259,32,0,0
BRDA:259,32,1,0
BRDA:261,33,0,0
BRDA:261,33,1,0
BRDA:262,34,0,0
BRDA:262,34,1,0
BRDA:273,35,0,0
BRDA:273,35,1,0
BRDA:274,36,0,0
BRDA:274,36,1,0
BRDA:280,37,0,0
BRDA:280,37,1,0
BRDA:282,38,0,0
BRDA:282,38,1,0
BRDA:296,39,0,0
BRDA:296,39,1,0
BRDA:297,40,0,0
BRDA:297,40,1,0
BRDA:299,41,0,0
BRDA:299,41,1,0
BRDA:299,42,0,0
BRDA:299,42,1,0
BRDA:342,43,0,4
BRDA:342,43,1,1
BRDA:343,44,0,3
BRDA:343,44,1,1
BRDA:351,45,0,1
BRDA:351,45,1,0
BRDA:351,46,0,1
BRDA:351,46,1,0
BRDA:354,47,0,0
BRDA:354,47,1,1
BRDA:366,48,0,11
BRDA:366,49,0,14
BRDA:368,50,0,4
BRDA:368,50,1,10
BRDA:373,51,0,46
BRDA:373,51,1,44
BRDA:373,51,2,20
BRDA:373,51,3,20
BRDA:373,51,4,20
BRDA:373,51,5,20
BRDA:373,51,6,20
BRDA:373,51,7,20
BRDA:373,51,8,0
BRDA:377,52,0,0
BRDA:377,52,1,10
BRDA:390,53,0,760
BRDA:390,53,1,420
BRDA:391,54,0,480
BRDA:391,54,1,700
BRDA:398,55,0,400
BRDA:398,55,1,780
BRDA:400,56,0,0
BRDA:400,56,1,760
BRDA:402,57,0,760
BRDA:402,57,1,0
BRDA:415,58,0,46
BRDA:415,58,1,0
BRDA:416,59,0,46
BRDA:416,59,1,0
BRDA:436,60,0,52
BRDA:436,60,1,0
BRDA:437,61,0,52
BRDA:437,61,1,0
BRDA:442,62,0,0
BRDA:442,62,1,52
BRDA:442,63,0,52
BRDA:442,63,1,52
BRDA:442,63,2,52
BRDA:447,64,0,3
BRDA:447,64,1,49
BRDA:452,65,0,1
BRDA:452,65,1,51
BRDA:452,66,0,52
BRDA:452,66,1,52
BRDA:452,66,2,2
BRDA:452,66,3,1
BRDA:457,67,0,52
BRDA:457,67,1,33
BRDA:458,68,0,52
BRDA:458,68,1,20
BRDA:459,69,0,1
BRDA:459,69,1,51
BRDA:459,70,0,52
BRDA:459,70,1,33
BRDA:464,71,0,0
BRDA:464,71,1,52
BRDA:475,72,0,11
BRDA:475,72,1,9
BRDA:484,73,0,15
BRDA:484,73,1,5
BRDA:512,74,0,5
BRDA:512,74,1,41
BRDA:516,75,0,4
BRDA:516,75,1,37
BRDA:524,76,0,48
BRDA:524,76,1,5
BRDA:534,77,0,4
BRDA:534,77,1,44
BRDA:536,78,0,44
BRDA:536,78,1,0
BRDA:539,79,0,0
BRDA:539,79,1,44
BRDA:547,80,0,48
BRDA:547,80,1,5
BRF:169
BRH:117
end_of_record
TN:
SF:src/lib/core/graph/diff-engine.ts
FN:12,(anonymous_0)
FN:16,(anonymous_1)
FN:17,(anonymous_2)
FN:27,(anonymous_3)
FN:37,(anonymous_4)
FN:77,(anonymous_5)
FN:78,(anonymous_6)
FN:90,(anonymous_7)
FNF:8
FNH:8
FNDA:6,(anonymous_0)
FNDA:10,(anonymous_1)
FNDA:9,(anonymous_2)
FNDA:2,(anonymous_3)
FNDA:1,(anonymous_4)
FNDA:2,(anonymous_5)
FNDA:1,(anonymous_6)
FNDA:6,(anonymous_7)
DA:13,6
DA:14,6
DA:16,10
DA:17,9
DA:20,6
DA:21,6
DA:23,6
DA:24,10
DA:25,10
DA:27,10
DA:28,10
DA:29,1
DA:33,6
DA:34,9
DA:35,9
DA:37,9
DA:38,9
DA:39,2
DA:44,6
DA:45,6
DA:46,10
DA:47,10
DA:48,8
DA:49,8
DA:51,8
DA:52,3
DA:54,8
DA:55,8
DA:56,8
DA:57,1
DA:60,8
DA:61,8
DA:62,8
DA:63,0
DA:66,8
DA:67,3
DA:72,6
DA:77,2
DA:78,1
DA:91,6
DA:92,6
DA:93,2
DA:94,4
DA:95,2
DA:97,4
LF:45
LH:44
BRDA:29,0,0,0
BRDA:29,0,1,1
BRDA:39,1,0,1
BRDA:39,1,1,1
BRDA:47,2,0,8
BRDA:47,2,1,2
BRDA:51,3,0,3
BRDA:51,3,1,5
BRDA:51,4,0,8
BRDA:51,4,1,5
BRDA:51,5,0,8
BRDA:51,5,1,3
BRDA:52,6,0,3
BRDA:52,6,1,2
BRDA:52,7,0,3
BRDA:52,7,1,0
BRDA:54,8,0,8
BRDA:54,8,1,7
BRDA:55,9,0,8
BRDA:55,9,1,7
BRDA:56,10,0,1
BRDA:56,10,1,7
BRDA:60,11,0,8
BRDA:60,11,1,8
BRDA:61,12,0,8
BRDA:61,12,1,8
BRDA:62,13,0,0
BRDA:62,13,1,8
BRDA:66,14,0,3
BRDA:66,14,1,5
BRDA:92,15,0,2
BRDA:92,15,1,4
BRDA:94,16,0,2
BRDA:94,16,1,2
BRDA:94,17,0,4
BRDA:94,17,1,2
BRDA:94,17,2,2
BRDA:94,17,3,2
BRF:38
BRH:35
end_of_record
TN:
SF:src/lib/core/graph/graph-engine.ts
FN:24,(anonymous_0)
FN:40,(anonymous_1)
FN:45,(anonymous_2)
FN:56,(anonymous_3)
FN:80,(anonymous_4)
FN:94,(anonymous_5)
FN:99,(anonymous_6)
FN:100,(anonymous_7)
FN:106,(anonymous_8)
FN:131,(anonymous_9)
FN:133,(anonymous_10)
FN:134,(anonymous_11)
FN:163,(anonymous_12)
FN:183,(anonymous_13)
FN:224,(anonymous_14)
FN:246,(anonymous_15)
FN:247,(anonymous_16)
FN:289,(anonymous_17)
FN:293,(anonymous_18)
FNF:19
FNH:13
FNDA:0,(anonymous_0)
FNDA:0,(anonymous_1)
FNDA:0,(anonymous_2)
FNDA:0,(anonymous_3)
FNDA:11,(anonymous_4)
FNDA:11,(anonymous_5)
FNDA:21,(anonymous_6)
FNDA:21,(anonymous_7)
FNDA:0,(anonymous_8)
FNDA:11,(anonymous_9)
FNDA:32,(anonymous_10)
FNDA:32,(anonymous_11)
FNDA:0,(anonymous_12)
FNDA:20,(anonymous_13)
FNDA:11,(anonymous_14)
FNDA:6,(anonymous_15)
FNDA:5,(anonymous_16)
FNDA:118,(anonymous_17)
FNDA:21,(anonymous_18)
DA:8,31
DA:9,31
DA:18,34
DA:25,0
DA:26,0
DA:28,0
DA:30,0
DA:31,0
DA:32,0
DA:33,0
DA:35,0
DA:37,0
DA:38,0
DA:40,0
DA:41,0
DA:45,0
DA:46,0
DA:47,0
DA:48,0
DA:49,0
DA:51,0
DA:55,0
DA:56,0
DA:57,0
DA:58,0
DA:61,0
DA:64,0
DA:67,0
DA:69,0
DA:81,11
DA:82,11
DA:83,11
DA:84,11
DA:85,11
DA:95,11
DA:97,11
DA:98,32
DA:99,32
DA:100,32
DA:102,32
DA:103,6
DA:104,6
DA:106,1
DA:107,1
DA:109,0
DA:117,0
DA:132,11
DA:133,32
DA:134,32
DA:136,11
DA:137,0
DA:138,0
DA:140,0
DA:141,0
DA:142,0
DA:145,0
DA:146,0
DA:154,0
DA:165,0
DA:166,0
DA:169,0
DA:173,0
DA:174,0
DA:176,0
DA:185,20
DA:188,20
DA:189,32
DA:197,20
DA:200,22
DA:201,22
DA:204,22
DA:206,22
DA:214,22
DA:225,11
DA:227,11
DA:228,32
DA:230,32
DA:231,21
DA:232,6
DA:233,6
DA:236,6
DA:237,6
DA:238,0
DA:239,0
DA:244,6
DA:245,6
DA:246,6
DA:247,6
DA:248,6
DA:250,6
DA:251,5
DA:254,6
DA:255,5
DA:256,5
DA:257,5
DA:258,5
DA:261,5
DA:262,0
DA:263,0
DA:264,0
DA:265,0
DA:266,0
DA:271,5
DA:272,5
DA:273,5
DA:274,5
DA:275,4
DA:276,4
DA:290,118
DA:294,21
DA:295,0
LF:111
LH:61
BRDA:28,0,0,0
BRDA:28,0,1,0
BRDA:47,1,0,0
BRDA:47,1,1,0
BRDA:57,2,0,0
BRDA:57,2,1,0
BRDA:100,3,0,21
BRDA:100,3,1,6
BRDA:103,4,0,6
BRDA:103,4,1,0
BRDA:107,5,0,0
BRDA:107,5,1,1
BRDA:145,6,0,0
BRDA:145,6,1,0
BRDA:145,7,0,0
BRDA:145,7,1,0
BRDA:169,8,0,0
BRDA:169,8,1,0
BRDA:201,9,0,15
BRDA:201,9,1,7
BRDA:204,10,0,15
BRDA:204,10,1,7
BRDA:204,11,0,22
BRDA:204,11,1,15
BRDA:231,12,0,6
BRDA:231,12,1,15
BRDA:231,13,0,21
BRDA:231,13,1,15
BRDA:231,13,2,15
BRDA:231,13,3,15
BRDA:233,14,0,0
BRDA:233,14,1,6
BRDA:237,15,0,0
BRDA:237,15,1,6
BRDA:250,16,0,5
BRDA:250,16,1,1
BRDA:257,17,0,5
BRDA:257,17,1,0
BRDA:261,18,0,0
BRDA:261,18,1,5
BRDA:264,19,0,0
BRDA:264,19,1,0
BRDA:271,20,0,5
BRDA:271,20,1,0
BRDA:274,21,0,4
BRDA:274,21,1,1
BRDA:294,22,0,0
BRDA:294,22,1,21
BRF:48
BRH:26
end_of_record
TN:
SF:src/lib/core/graph/linker-federated.ts
FN:15,(anonymous_0)
FN:25,(anonymous_1)
FN:46,(anonymous_2)
FN:54,(anonymous_3)
FN:63,(anonymous_4)
FNF:5
FNH:5
FNDA:7,(anonymous_0)
FNDA:3,(anonymous_1)
FNDA:3,(anonymous_2)
FNDA:7,(anonymous_3)
FNDA:1,(anonymous_4)
DA:17,7
DA:19,7
DA:26,3
DA:27,3
DA:30,3
DA:31,3
DA:32,3
DA:34,2
DA:37,1
DA:38,1
DA:39,1
DA:47,3
DA:48,3
DA:49,2
DA:50,2
DA:55,7
DA:56,7
DA:57,3
DA:59,5
DA:64,1
DA:65,1
DA:66,1
LF:22
LH:22
BRDA:16,0,0,3
BRDA:17,1,0,3
BRDA:37,2,0,1
BRDA:37,2,1,0
BRF:4
BRH:3
end_of_record
TN:
SF:src/lib/core/graph/linker.ts
FN:15,(anonymous_0)
FN:31,(anonymous_1)
FN:66,(anonymous_2)
FN:68,(anonymous_3)
FN:86,(anonymous_4)
FNF:5
FNH:5
FNDA:3,(anonymous_0)
FNDA:3,(anonymous_1)
FNDA:2,(anonymous_2)
FNDA:5,(anonymous_3)
FNDA:4,(anonymous_4)
DA:16,3
DA:18,3
DA:20,3
DA:21,7
DA:22,3
DA:32,3
DA:33,3
DA:34,3
DA:36,3
DA:39,3
DA:42,3
DA:43,3
DA:45,3
DA:47,1
DA:55,1
DA:56,1
DA:59,2
DA:68,2
DA:69,5
DA:72,2
DA:73,1
DA:74,1
DA:82,1
DA:87,4
DA:88,0
LF:25
LH:24
BRDA:21,0,0,3
BRDA:21,0,1,4
BRDA:36,1,0,0
BRDA:36,1,1,3
BRDA:36,2,0,3
BRDA:36,2,1,3
BRDA:45,3,0,1
BRDA:45,3,1,2
BRDA:69,4,0,5
BRDA:69,4,1,5
BRDA:69,4,2,5
BRDA:72,5,0,1
BRDA:72,5,1,1
BRDA:87,6,0,0
BRDA:87,6,1,4
BRF:15
BRH:13
end_of_record
TN:
SF:src/lib/core/graph/persistence.ts
FN:22,(anonymous_0)
FN:26,(anonymous_1)
FN:34,(anonymous_2)
FN:45,(anonymous_3)
FN:49,(anonymous_4)
FN:59,(anonymous_5)
FN:61,(anonymous_6)
FN:78,(anonymous_7)
FN:89,(anonymous_8)
FN:96,(anonymous_9)
FN:100,(anonymous_10)
FN:102,(anonymous_11)
FN:106,(anonymous_12)
FN:113,(anonymous_13)
FN:120,(anonymous_14)
FN:132,(anonymous_15)
FN:138,(anonymous_16)
FN:139,(anonymous_17)
FN:147,(anonymous_18)
FN:147,(anonymous_19)
FN:152,(anonymous_20)
FN:152,(anonymous_21)
FN:157,(anonymous_22)
FN:177,(anonymous_23)
FN:186,(anonymous_24)
FN:186,(anonymous_25)
FN:190,(anonymous_26)
FN:202,(anonymous_27)
FN:205,(anonymous_28)
FN:205,(anonymous_29)
FN:208,(anonymous_30)
FN:208,(anonymous_31)
FN:209,(anonymous_32)
FN:211,(anonymous_33)
FN:211,(anonymous_34)
FN:212,(anonymous_35)
FN:212,(anonymous_36)
FN:213,(anonymous_37)
FN:220,(anonymous_38)
FN:225,(anonymous_39)
FN:227,(anonymous_40)
FN:227,(anonymous_41)
FN:231,(anonymous_42)
FN:235,(anonymous_43)
FN:237,(anonymous_44)
FNF:45
FNH:42
FNDA:2,(anonymous_0)
FNDA:2,(anonymous_1)
FNDA:2,(anonymous_2)
FNDA:1,(anonymous_3)
FNDA:2,(anonymous_4)
FNDA:1,(anonymous_5)
FNDA:2,(anonymous_6)
FNDA:5,(anonymous_7)
FNDA:1,(anonymous_8)
FNDA:4,(anonymous_9)
FNDA:2,(anonymous_10)
FNDA:2,(anonymous_11)
FNDA:2,(anonymous_12)
FNDA:2,(anonymous_13)
FNDA:2,(anonymous_14)
FNDA:1,(anonymous_15)
FNDA:1,(anonymous_16)
FNDA:1,(anonymous_17)
FNDA:1,(anonymous_18)
FNDA:1,(anonymous_19)
FNDA:1,(anonymous_20)
FNDA:1,(anonymous_21)
FNDA:1,(anonymous_22)
FNDA:1,(anonymous_23)
FNDA:0,(anonymous_24)
FNDA:0,(anonymous_25)
FNDA:1,(anonymous_26)
FNDA:2,(anonymous_27)
FNDA:2,(anonymous_28)
FNDA:2,(anonymous_29)
FNDA:1,(anonymous_30)
FNDA:1,(anonymous_31)
FNDA:1,(anonymous_32)
FNDA:1,(anonymous_33)
FNDA:1,(anonymous_34)
FNDA:1,(anonymous_35)
FNDA:1,(anonymous_36)
FNDA:1,(anonymous_37)
FNDA:0,(anonymous_38)
FNDA:3,(anonymous_39)
FNDA:2,(anonymous_40)
FNDA:2,(anonymous_41)
FNDA:1,(anonymous_42)
FNDA:1,(anonymous_43)
FNDA:1,(anonymous_44)
DA:22,2
DA:23,2
DA:27,2
DA:33,2
DA:34,2
DA:35,2
DA:37,2
DA:38,1
DA:40,1
DA:41,1
DA:46,1
DA:50,2
DA:51,2
DA:52,1
DA:53,2
DA:54,1
DA:55,1
DA:56,1
DA:62,2
DA:63,2
DA:64,2
DA:65,2
DA:75,5
DA:79,5
DA:80,5
DA:81,2
DA:82,2
DA:84,3
DA:85,3
DA:90,1
DA:91,1
DA:92,1
DA:97,4
DA:98,2
DA:100,2
DA:101,2
DA:102,2
DA:103,2
DA:104,2
DA:106,2
DA:107,2
DA:108,2
DA:109,2
DA:111,2
DA:113,2
DA:114,2
DA:115,2
DA:116,2
DA:120,2
DA:121,2
DA:122,2
DA:127,0
DA:133,1
DA:134,1
DA:135,1
DA:136,1
DA:138,1
DA:139,1
DA:140,1
DA:141,1
DA:144,1
DA:145,1
DA:146,1
DA:147,1
DA:149,1
DA:152,1
DA:155,1
DA:156,1
DA:157,1
DA:158,1
DA:177,1
DA:181,1
DA:184,1
DA:185,1
DA:186,0
DA:188,1
DA:190,1
DA:191,1
DA:192,1
DA:195,0
DA:196,0
DA:203,2
DA:204,2
DA:205,2
DA:206,2
DA:208,1
DA:209,1
DA:211,1
DA:212,1
DA:213,1
DA:214,1
DA:215,1
DA:217,0
DA:220,1
DA:221,1
DA:222,0
DA:226,3
DA:227,2
DA:232,1
DA:235,1
DA:238,1
DA:239,1
DA:240,1
DA:241,1
DA:245,6
LF:105
LH:99
BRDA:22,0,0,0
BRDA:22,1,0,1
BRDA:34,2,0,2
BRDA:34,2,1,0
BRDA:53,3,0,1
BRDA:53,3,1,0
BRDA:54,4,0,1
BRDA:54,4,1,0
BRDA:78,5,0,0
BRDA:78,6,0,5
BRDA:80,7,0,2
BRDA:80,7,1,3
BRDA:91,8,0,1
BRDA:91,8,1,0
BRDA:97,9,0,2
BRDA:97,9,1,2
BRDA:98,10,0,0
BRDA:98,10,1,2
BRDA:103,11,0,0
BRDA:103,11,1,2
BRDA:114,12,0,2
BRDA:114,12,1,0
BRDA:121,13,0,0
BRDA:121,13,1,2
BRDA:147,14,0,0
BRDA:147,14,1,1
BRDA:152,15,0,0
BRDA:152,15,1,1
BRDA:160,16,0,1
BRDA:160,16,1,0
BRDA:160,17,0,1
BRDA:160,17,1,1
BRDA:161,18,0,1
BRDA:161,18,1,1
BRDA:162,19,0,0
BRDA:162,19,1,1
BRDA:163,20,0,1
BRDA:163,20,1,1
BRDA:163,20,2,1
BRDA:164,21,0,1
BRDA:164,21,1,1
BRDA:164,21,2,1
BRDA:165,22,0,1
BRDA:165,22,1,1
BRDA:165,22,2,1
BRDA:166,23,0,1
BRDA:166,23,1,1
BRDA:166,23,2,1
BRDA:167,24,0,1
BRDA:167,24,1,1
BRDA:167,24,2,1
BRDA:168,25,0,1
BRDA:168,25,1,1
BRDA:168,25,2,1
BRDA:169,26,0,1
BRDA:169,26,1,1
BRDA:169,26,2,1
BRDA:170,27,0,1
BRDA:170,27,1,1
BRDA:170,27,2,1
BRDA:171,28,0,1
BRDA:171,28,1,1
BRDA:171,28,2,1
BRDA:172,29,0,1
BRDA:172,29,1,1
BRDA:172,29,2,1
BRDA:173,30,0,0
BRDA:173,30,1,1
BRDA:174,31,0,1
BRDA:174,31,1,1
BRDA:175,32,0,1
BRDA:175,32,1,1
BRDA:176,33,0,1
BRDA:176,33,1,0
BRDA:177,34,0,0
BRDA:177,34,1,1
BRDA:186,35,0,0
BRDA:186,35,1,0
BRDA:186,36,0,0
BRDA:186,36,1,0
BRDA:191,37,0,0
BRDA:191,37,1,1
BRDA:205,38,0,1
BRDA:205,38,1,1
BRDA:205,39,0,2
BRDA:205,39,1,2
BRDA:206,40,0,1
BRDA:206,40,1,1
BRDA:208,41,0,0
BRDA:208,41,1,1
BRDA:211,42,0,0
BRDA:211,42,1,1
BRDA:212,43,0,0
BRDA:212,43,1,1
BRDA:215,44,0,1
BRDA:215,44,1,0
BRDA:215,45,0,1
BRDA:215,45,1,0
BRDA:215,46,0,1
BRDA:215,46,1,0
BRDA:215,47,0,1
BRDA:215,47,1,0
BRDA:215,48,0,1
BRDA:215,48,1,1
BRDA:215,49,0,1
BRDA:215,49,1,1
BRDA:215,50,0,1
BRDA:215,50,1,1
BRDA:215,51,0,1
BRDA:215,51,1,1
BRDA:215,52,0,1
BRDA:215,52,1,1
BRDA:215,53,0,1
BRDA:215,53,1,1
BRDA:215,54,0,1
BRDA:215,54,1,0
BRDA:215,55,0,1
BRDA:215,55,1,1
BRDA:215,56,0,1
BRDA:215,56,1,1
BRDA:215,57,0,1
BRDA:215,57,1,1
BRDA:220,58,0,0
BRDA:220,58,1,0
BRDA:226,59,0,2
BRDA:226,59,1,1
BRDA:232,60,0,1
BRDA:232,60,1,0
BRF:128
BRH:95
end_of_record
TN:
SF:src/lib/core/parsing/context.ts
FN:26,(anonymous_0)
FN:34,(anonymous_1)
FN:41,(anonymous_2)
FN:48,(anonymous_3)
FN:55,(anonymous_4)
FN:62,(anonymous_5)
FN:68,(anonymous_6)
FN:72,(anonymous_7)
FN:79,(anonymous_8)
FNF:9
FNH:5
FNDA:15,(anonymous_0)
FNDA:32,(anonymous_1)
FNDA:10,(anonymous_2)
FNDA:0,(anonymous_3)
FNDA:0,(anonymous_4)
FNDA:1,(anonymous_5)
FNDA:0,(anonymous_6)
FNDA:0,(anonymous_7)
FNDA:10,(anonymous_8)
DA:9,35
DA:12,35
DA:15,35
DA:18,35
DA:21,35
DA:27,15
DA:28,15
DA:35,32
DA:42,10
DA:49,0
DA:56,0
DA:64,1
DA:65,1
DA:69,0
DA:73,0
DA:80,10
DA:81,10
DA:82,10
DA:83,10
DA:84,10
LF:20
LH:16
BRDA:27,0,0,13
BRDA:27,0,1,2
BRF:2
BRH:2
end_of_record
TN:
SF:src/lib/core/parsing/essence-lens.ts
FN:14,(anonymous_0)
FN:39,(anonymous_1)
FN:58,(anonymous_2)
FN:92,(anonymous_3)
FNF:4
FNH:0
FNDA:0,(anonymous_0)
FNDA:0,(anonymous_1)
FNDA:0,(anonymous_2)
FNDA:0,(anonymous_3)
DA:15,0
DA:21,0
DA:23,0
DA:24,0
DA:25,0
DA:26,0
DA:27,0
DA:28,0
DA:31,0
DA:40,0
DA:41,0
DA:42,0
DA:43,0
DA:44,0
DA:45,0
DA:46,0
DA:47,0
DA:48,0
DA:49,0
DA:50,0
DA:51,0
DA:52,0
DA:53,0
DA:55,0
DA:59,0
DA:60,0
DA:61,0
DA:62,0
DA:64,0
DA:65,0
DA:79,0
DA:88,0
DA:93,0
DA:94,0
DA:95,0
DA:96,0
DA:97,0
DA:101,0
DA:102,0
DA:103,0
DA:104,0
DA:106,0
DA:119,0
DA:131,0
LF:44
LH:0
BRDA:23,0,0,0
BRDA:23,0,1,0
BRDA:26,1,0,0
BRDA:26,1,1,0
BRDA:40,2,0,0
BRDA:40,2,1,0
BRDA:41,3,0,0
BRDA:41,3,1,0
BRDA:42,4,0,0
BRDA:42,4,1,0
BRDA:43,5,0,0
BRDA:43,5,1,0
BRDA:44,6,0,0
BRDA:44,6,1,0
BRDA:47,7,0,0
BRDA:47,7,1,0
BRDA:47,8,0,0
BRDA:47,8,1,0
BRDA:48,9,0,0
BRDA:48,9,1,0
BRDA:49,10,0,0
BRDA:49,10,1,0
BRDA:51,11,0,0
BRDA:51,11,1,0
BRDA:52,12,0,0
BRDA:52,12,1,0
BRDA:52,13,0,0
BRDA:52,13,1,0
BRDA:53,14,0,0
BRDA:53,14,1,0
BRDA:53,15,0,0
BRDA:53,15,1,0
BRDA:61,16,0,0
BRDA:61,16,1,0
BRDA:61,17,0,0
BRDA:61,17,1,0
BRDA:97,18,0,0
BRDA:97,18,1,0
BRDA:97,19,0,0
BRDA:97,19,1,0
BRDA:102,20,0,0
BRDA:102,20,1,0
BRDA:104,21,0,0
BRDA:104,21,1,0
BRF:44
BRH:0
end_of_record
TN:
SF:src/lib/core/parsing/flow-engine.ts
FN:9,(anonymous_0)
FN:14,(anonymous_1)
FN:32,(anonymous_2)
FN:34,(anonymous_3)
FN:36,(anonymous_4)
FN:52,(anonymous_5)
FN:67,(anonymous_6)
FN:78,(anonymous_7)
FNF:8
FNH:0
FNDA:0,(anonymous_0)
FNDA:0,(anonymous_1)
FNDA:0,(anonymous_2)
FNDA:0,(anonymous_3)
FNDA:0,(anonymous_4)
FNDA:0,(anonymous_5)
FNDA:0,(anonymous_6)
FNDA:0,(anonymous_7)
DA:9,0
DA:15,0
DA:16,0
DA:18,0
DA:24,0
DA:26,0
DA:33,0
DA:34,0
DA:36,0
DA:37,0
DA:40,0
DA:42,0
DA:43,0
DA:44,0
DA:45,0
DA:46,0
DA:49,0
DA:53,0
DA:54,0
DA:56,0
DA:57,0
DA:59,0
DA:60,0
DA:61,0
DA:62,0
DA:74,0
DA:75,0
DA:77,0
DA:78,0
DA:80,0
DA:81,0
DA:82,0
DA:84,0
DA:91,0
DA:92,0
DA:94,0
LF:36
LH:0
BRDA:14,0,0,0
BRDA:16,1,0,0
BRDA:16,1,1,0
BRDA:53,2,0,0
BRDA:53,2,1,0
BRDA:57,3,0,0
BRDA:57,3,1,0
BRDA:61,4,0,0
BRDA:61,4,1,0
BRDA:61,5,0,0
BRDA:61,5,1,0
BRDA:74,6,0,0
BRDA:74,6,1,0
BRDA:74,7,0,0
BRDA:74,7,1,0
BRDA:78,8,0,0
BRDA:78,8,1,0
BRDA:82,9,0,0
BRDA:82,9,1,0
BRF:19
BRH:0
end_of_record
TN:
SF:src/lib/core/parsing/gql-parser.ts
FN:13,(anonymous_0)
FNF:1
FNH:0
FNDA:0,(anonymous_0)
DA:14,0
DA:15,0
DA:17,0
DA:18,0
DA:21,0
DA:22,0
DA:24,0
DA:25,0
DA:27,0
DA:28,0
DA:29,0
DA:31,0
DA:32,0
DA:33,0
DA:35,0
DA:46,0
LF:16
LH:0
BRDA:17,0,0,0
BRDA:17,0,1,0
BRDA:25,1,0,0
BRDA:25,1,1,0
BRDA:25,2,0,0
BRDA:25,2,1,0
BRDA:29,3,0,0
BRDA:29,3,1,0
BRDA:29,4,0,0
BRDA:29,4,1,0
BRDA:32,5,0,0
BRDA:32,5,1,0
BRDA:33,6,0,0
BRDA:33,6,1,0
BRDA:33,7,0,0
BRDA:33,7,1,0
BRF:16
BRH:0
end_of_record
TN:
SF:src/lib/core/parsing/grammar-registry.ts
FN:16,(anonymous_0)
FN:21,(anonymous_1)
FN:25,(anonymous_2)
FN:35,(anonymous_3)
FN:53,(anonymous_4)
FN:68,(anonymous_5)
FN:76,(anonymous_6)
FN:80,(anonymous_7)
FNF:8
FNH:7
FNDA:31,(anonymous_0)
FNDA:0,(anonymous_1)
FNDA:31,(anonymous_2)
FNDA:3,(anonymous_3)
FNDA:2,(anonymous_4)
FNDA:20,(anonymous_5)
FNDA:20,(anonymous_6)
FNDA:4,(anonymous_7)
DA:12,31
DA:13,31
DA:22,0
DA:26,31
DA:27,31
DA:29,31
DA:36,3
DA:39,2
DA:41,2
DA:42,2
DA:45,2
DA:46,2
DA:47,2
DA:54,2
DA:55,2
DA:56,2
DA:57,2
DA:58,2
DA:60,0
DA:69,20
DA:70,20
DA:72,20
DA:73,20
DA:77,20
DA:81,4
DA:82,0
DA:87,31
LF:27
LH:24
BRDA:26,0,0,31
BRDA:26,0,1,0
BRDA:36,1,0,1
BRDA:36,1,1,2
BRDA:39,2,0,2
BRDA:39,2,1,2
BRDA:39,2,2,0
BRDA:41,3,0,2
BRDA:41,3,1,0
BRDA:70,4,0,0
BRDA:70,4,1,20
BRDA:70,5,0,20
BRDA:70,5,1,20
BRDA:81,6,0,0
BRDA:81,6,1,4
BRF:15
BRH:10
end_of_record
TN:
SF:src/lib/core/parsing/graph-engine.ts
FN:24,(anonymous_0)
FN:40,(anonymous_1)
FN:45,(anonymous_2)
FN:56,(anonymous_3)
FN:80,(anonymous_4)
FN:94,(anonymous_5)
FN:99,(anonymous_6)
FN:100,(anonymous_7)
FN:106,(anonymous_8)
FN:131,(anonymous_9)
FN:133,(anonymous_10)
FN:134,(anonymous_11)
FN:163,(anonymous_12)
FN:183,(anonymous_13)
FN:224,(anonymous_14)
FN:246,(anonymous_15)
FN:247,(anonymous_16)
FN:288,(anonymous_17)
FNF:18
FNH:0
FNDA:0,(anonymous_0)
FNDA:0,(anonymous_1)
FNDA:0,(anonymous_2)
FNDA:0,(anonymous_3)
FNDA:0,(anonymous_4)
FNDA:0,(anonymous_5)
FNDA:0,(anonymous_6)
FNDA:0,(anonymous_7)
FNDA:0,(anonymous_8)
FNDA:0,(anonymous_9)
FNDA:0,(anonymous_10)
FNDA:0,(anonymous_11)
FNDA:0,(anonymous_12)
FNDA:0,(anonymous_13)
FNDA:0,(anonymous_14)
FNDA:0,(anonymous_15)
FNDA:0,(anonymous_16)
FNDA:0,(anonymous_17)
DA:8,0
DA:9,0
DA:18,0
DA:25,0
DA:26,0
DA:28,0
DA:30,0
DA:31,0
DA:32,0
DA:33,0
DA:35,0
DA:37,0
DA:38,0
DA:40,0
DA:41,0
DA:45,0
DA:46,0
DA:47,0
DA:48,0
DA:49,0
DA:51,0
DA:55,0
DA:56,0
DA:57,0
DA:58,0
DA:61,0
DA:64,0
DA:67,0
DA:69,0
DA:81,0
DA:82,0
DA:83,0
DA:84,0
DA:85,0
DA:95,0
DA:97,0
DA:98,0
DA:99,0
DA:100,0
DA:102,0
DA:103,0
DA:104,0
DA:106,0
DA:107,0
DA:109,0
DA:117,0
DA:132,0
DA:133,0
DA:134,0
DA:136,0
DA:137,0
DA:138,0
DA:140,0
DA:141,0
DA:142,0
DA:145,0
DA:146,0
DA:154,0
DA:165,0
DA:166,0
DA:169,0
DA:173,0
DA:174,0
DA:176,0
DA:185,0
DA:188,0
DA:189,0
DA:197,0
DA:200,0
DA:201,0
DA:204,0
DA:206,0
DA:214,0
DA:225,0
DA:227,0
DA:228,0
DA:230,0
DA:231,0
DA:232,0
DA:233,0
DA:236,0
DA:237,0
DA:238,0
DA:239,0
DA:244,0
DA:245,0
DA:246,0
DA:247,0
DA:248,0
DA:250,0
DA:251,0
DA:254,0
DA:255,0
DA:256,0
DA:257,0
DA:260,0
DA:261,0
DA:262,0
DA:263,0
DA:264,0
DA:265,0
DA:270,0
DA:271,0
DA:272,0
DA:273,0
DA:274,0
DA:275,0
DA:289,0
LF:108
LH:0
BRDA:28,0,0,0
BRDA:28,0,1,0
BRDA:47,1,0,0
BRDA:47,1,1,0
BRDA:57,2,0,0
BRDA:57,2,1,0
BRDA:100,3,0,0
BRDA:100,3,1,0
BRDA:103,4,0,0
BRDA:103,4,1,0
BRDA:107,5,0,0
BRDA:107,5,1,0
BRDA:145,6,0,0
BRDA:145,6,1,0
BRDA:145,7,0,0
BRDA:145,7,1,0
BRDA:169,8,0,0
BRDA:169,8,1,0
BRDA:201,9,0,0
BRDA:201,9,1,0
BRDA:204,10,0,0
BRDA:204,10,1,0
BRDA:204,11,0,0
BRDA:204,11,1,0
BRDA:231,12,0,0
BRDA:231,12,1,0
BRDA:231,13,0,0
BRDA:231,13,1,0
BRDA:231,13,2,0
BRDA:231,13,3,0
BRDA:233,14,0,0
BRDA:233,14,1,0
BRDA:237,15,0,0
BRDA:237,15,1,0
BRDA:250,16,0,0
BRDA:250,16,1,0
BRDA:256,17,0,0
BRDA:256,17,1,0
BRDA:260,18,0,0
BRDA:260,18,1,0
BRDA:263,19,0,0
BRDA:263,19,1,0
BRDA:270,20,0,0
BRDA:270,20,1,0
BRDA:273,21,0,0
BRDA:273,21,1,0
BRF:46
BRH:0
end_of_record
TN:
SF:src/lib/core/parsing/language-plugin.ts
FN:51,(anonymous_0)
FNF:1
FNH:0
FNDA:0,(anonymous_0)
DA:38,0
DA:52,0
DA:53,0
LF:3
LH:0
BRDA:53,0,0,0
BRDA:53,0,1,0
BRF:2
BRH:0
end_of_record
TN:
SF:src/lib/core/parsing/pipeline.ts
FN:14,(anonymous_0)
FN:35,(anonymous_1)
FN:36,(anonymous_2)
FN:54,(anonymous_3)
FN:55,(anonymous_4)
FNF:5
FNH:5
FNDA:10,(anonymous_0)
FNDA:25,(anonymous_1)
FNDA:12,(anonymous_2)
FNDA:25,(anonymous_3)
FNDA:2,(anonymous_4)
DA:15,10
DA:16,10
DA:19,10
DA:20,25
DA:23,10
DA:24,13
DA:25,15
DA:26,15
DA:28,15
DA:29,15
DA:33,10
DA:34,10
DA:35,25
DA:36,12
DA:38,10
DA:39,15
DA:40,15
DA:42,15
DA:43,23
DA:44,13
DA:45,13
DA:46,13
DA:49,15
DA:53,10
DA:54,25
DA:55,2
DA:57,10
DA:58,1
DA:61,10
LF:29
LH:29
BRDA:25,0,0,0
BRDA:25,0,1,15
BRDA:26,1,0,15
BRDA:26,1,1,0
BRDA:28,2,0,10
BRDA:28,2,1,5
BRDA:43,3,0,23
BRDA:43,3,1,15
BRDA:44,4,0,13
BRDA:44,4,1,0
BRDA:46,5,0,11
BRDA:46,5,1,2
BRDA:57,6,0,1
BRDA:57,6,1,9
BRF:14
BRH:11
end_of_record
TN:
SF:src/lib/core/parsing/pulse-worker.ts
FN:12,runWorker
FN:18,(anonymous_1)
FN:43,(anonymous_2)
FNF:3
FNH:0
FNDA:0,runWorker
FNDA:0,(anonymous_1)
FNDA:0,(anonymous_2)
DA:13,0
DA:15,0
DA:16,0
DA:17,0
DA:18,0
DA:21,0
DA:25,0
DA:27,0
DA:28,0
DA:29,0
DA:30,0
DA:32,0
DA:33,0
DA:34,0
DA:36,0
DA:40,0
DA:43,0
DA:44,0
DA:45,0
LF:19
LH:0
BRDA:30,0,0,0
BRDA:30,0,1,0
BRF:2
BRH:0
end_of_record
TN:
SF:src/lib/core/parsing/reflector.ts
FN:32,(anonymous_0)
FN:77,(anonymous_1)
FN:78,(anonymous_2)
FN:100,(anonymous_3)
FN:110,(anonymous_4)
FN:126,(anonymous_5)
FN:132,(anonymous_6)
FN:165,(anonymous_7)
FN:269,(anonymous_8)
FN:288,(anonymous_9)
FN:289,(anonymous_10)
FN:289,(anonymous_11)
FNF:12
FNH:0
FNDA:0,(anonymous_0)
FNDA:0,(anonymous_1)
FNDA:0,(anonymous_2)
FNDA:0,(anonymous_3)
FNDA:0,(anonymous_4)
FNDA:0,(anonymous_5)
FNDA:0,(anonymous_6)
FNDA:0,(anonymous_7)
FNDA:0,(anonymous_8)
FNDA:0,(anonymous_9)
FNDA:0,(anonymous_10)
FNDA:0,(anonymous_11)
DA:23,0
DA:24,0
DA:25,0
DA:26,0
DA:27,0
DA:38,0
DA:44,0
DA:46,0
DA:47,0
DA:49,0
DA:50,0
DA:52,0
DA:53,0
DA:54,0
DA:56,0
DA:59,0
DA:72,0
DA:74,0
DA:77,0
DA:78,0
DA:80,0
DA:82,0
DA:83,0
DA:85,0
DA:86,0
DA:100,0
DA:101,0
DA:102,0
DA:103,0
DA:104,0
DA:110,0
DA:113,0
DA:114,0
DA:115,0
DA:116,0
DA:117,0
DA:121,0
DA:125,0
DA:126,0
DA:127,0
DA:129,0
DA:130,0
DA:132,0
DA:133,0
DA:134,0
DA:137,0
DA:139,0
DA:140,0
DA:141,0
DA:144,0
DA:145,0
DA:146,0
DA:147,0
DA:148,0
DA:151,0
DA:152,0
DA:153,0
DA:154,0
DA:160,0
DA:161,0
DA:162,0
DA:163,0
DA:164,0
DA:165,0
DA:167,0
DA:171,0
DA:172,0
DA:174,0
DA:175,0
DA:177,0
DA:178,0
DA:179,0
DA:180,0
DA:185,0
DA:186,0
DA:187,0
DA:188,0
DA:190,0
DA:191,0
DA:192,0
DA:193,0
DA:194,0
DA:196,0
DA:197,0
DA:198,0
DA:199,0
DA:200,0
DA:204,0
DA:205,0
DA:206,0
DA:207,0
DA:208,0
DA:209,0
DA:210,0
DA:211,0
DA:212,0
DA:220,0
DA:223,0
DA:224,0
DA:225,0
DA:226,0
DA:227,0
DA:237,0
DA:238,0
DA:239,0
DA:240,0
DA:241,0
DA:242,0
DA:244,0
DA:246,0
DA:247,0
DA:248,0
DA:249,0
DA:252,0
DA:253,0
DA:254,0
DA:255,0
DA:256,0
DA:258,0
DA:259,0
DA:260,0
DA:261,0
DA:262,0
DA:263,0
DA:267,0
DA:268,0
DA:269,0
DA:270,0
DA:271,0
DA:272,0
DA:274,0
DA:275,0
DA:276,0
DA:277,0
DA:280,0
DA:281,0
DA:282,0
DA:283,0
DA:288,0
DA:289,0
DA:290,0
DA:293,0
LF:142
LH:0
BRDA:44,0,0,0
BRDA:44,0,1,0
BRDA:44,0,2,0
BRDA:47,1,0,0
BRDA:47,1,1,0
BRDA:50,2,0,0
BRDA:50,2,1,0
BRDA:77,3,0,0
BRDA:77,3,1,0
BRDA:77,4,0,0
BRDA:77,4,1,0
BRDA:78,5,0,0
BRDA:78,5,1,0
BRDA:80,6,0,0
BRDA:80,6,1,0
BRDA:85,7,0,0
BRDA:85,7,1,0
BRDA:100,8,0,0
BRDA:100,8,1,0
BRDA:101,9,0,0
BRDA:101,9,1,0
BRDA:103,10,0,0
BRDA:103,10,1,0
BRDA:114,11,0,0
BRDA:114,11,1,0
BRDA:114,12,0,0
BRDA:114,12,1,0
BRDA:115,13,0,0
BRDA:115,13,1,0
BRDA:115,14,0,0
BRDA:115,14,1,0
BRDA:116,15,0,0
BRDA:116,15,1,0
BRDA:116,16,0,0
BRDA:116,16,1,0
BRDA:121,17,0,0
BRDA:121,17,1,0
BRDA:127,18,0,0
BRDA:127,18,1,0
BRDA:134,19,0,0
BRDA:134,19,1,0
BRDA:144,20,0,0
BRDA:144,20,1,0
BRDA:146,21,0,0
BRDA:146,21,1,0
BRDA:151,22,0,0
BRDA:151,22,1,0
BRDA:151,23,0,0
BRDA:151,23,1,0
BRDA:151,23,2,0
BRDA:151,23,3,0
BRDA:160,24,0,0
BRDA:160,24,1,0
BRDA:162,25,0,0
BRDA:162,25,1,0
BRDA:163,26,0,0
BRDA:163,26,1,0
BRDA:163,27,0,0
BRDA:163,27,1,0
BRDA:164,28,0,0
BRDA:164,28,1,0
BRDA:165,29,0,0
BRDA:165,29,1,0
BRDA:171,30,0,0
BRDA:171,30,1,0
BRDA:171,31,0,0
BRDA:171,31,1,0
BRDA:174,32,0,0
BRDA:174,32,1,0
BRDA:174,33,0,0
BRDA:174,33,1,0
BRDA:177,34,0,0
BRDA:177,34,1,0
BRDA:177,35,0,0
BRDA:177,35,1,0
BRDA:179,36,0,0
BRDA:179,36,1,0
BRDA:185,37,0,0
BRDA:185,37,1,0
BRDA:186,38,0,0
BRDA:186,38,1,0
BRDA:190,39,0,0
BRDA:190,39,1,0
BRDA:191,40,0,0
BRDA:191,40,1,0
BRDA:192,41,0,0
BRDA:192,41,1,0
BRDA:196,42,0,0
BRDA:196,42,1,0
BRDA:197,43,0,0
BRDA:197,43,1,0
BRDA:198,44,0,0
BRDA:198,44,1,0
BRDA:204,45,0,0
BRDA:204,45,1,0
BRDA:204,46,0,0
BRDA:204,46,1,0
BRDA:206,47,0,0
BRDA:206,47,1,0
BRDA:209,48,0,0
BRDA:209,48,1,0
BRDA:210,49,0,0
BRDA:210,49,1,0
BRDA:224,50,0,0
BRDA:224,50,1,0
BRDA:226,51,0,0
BRDA:226,51,1,0
BRDA:226,52,0,0
BRDA:226,52,1,0
BRDA:226,52,2,0
BRDA:260,53,0,0
BRDA:260,53,1,0
BRDA:261,54,0,0
BRDA:261,54,1,0
BRDA:262,55,0,0
BRDA:262,55,1,0
BRDA:263,56,0,0
BRDA:263,56,1,0
BRDA:268,57,0,0
BRDA:268,57,1,0
BRDA:277,58,0,0
BRDA:277,58,1,0
BRF:122
BRH:0
end_of_record
TN:
SF:src/lib/core/parsing/languages/python/bindings.ts
FN:13,(anonymous_0)
FNF:1
FNH:1
FNDA:17,(anonymous_0)
DA:14,17
DA:17,17
DA:18,2
DA:19,5
DA:20,5
DA:22,5
DA:23,1
DA:24,1
DA:25,1
DA:26,1
DA:28,4
DA:30,3
DA:31,3
DA:32,2
DA:39,17
DA:40,15
DA:41,19
DA:42,19
DA:43,1
DA:44,1
DA:45,1
DA:46,1
DA:52,17
LF:23
LH:23
BRDA:17,0,0,2
BRDA:17,0,1,15
BRDA:20,1,0,0
BRDA:20,1,1,5
BRDA:22,2,0,1
BRDA:22,2,1,4
BRDA:25,3,0,1
BRDA:25,3,1,0
BRDA:25,4,0,1
BRDA:25,4,1,1
BRDA:28,5,0,3
BRDA:28,5,1,1
BRDA:28,6,0,4
BRDA:28,6,1,3
BRDA:31,7,0,2
BRDA:31,7,1,1
BRDA:39,8,0,15
BRDA:39,8,1,2
BRDA:42,9,0,1
BRDA:42,9,1,18
BRDA:45,10,0,1
BRDA:45,10,1,0
BRDA:45,11,0,1
BRDA:45,11,1,1
BRF:24
BRH:21
end_of_record
TN:
SF:src/lib/core/parsing/languages/python/extractor.ts
FN:16,(anonymous_0)
FN:25,(anonymous_1)
FN:48,(anonymous_2)
FN:62,(anonymous_3)
FN:80,(anonymous_4)
FNF:5
FNH:5
FNDA:5,(anonymous_0)
FNDA:3,(anonymous_1)
FNDA:13,(anonymous_2)
FNDA:177,(anonymous_3)
FNDA:2,(anonymous_4)
DA:17,5
DA:18,3
DA:19,1
DA:26,3
DA:29,3
DA:30,2
DA:31,2
DA:32,1
DA:39,3
DA:49,13
DA:51,13
DA:62,13
DA:63,177
DA:64,3
DA:66,177
DA:67,164
DA:71,13
DA:72,13
DA:81,2
DA:82,2
DA:83,2
DA:85,2
DA:86,14
DA:87,3
DA:91,2
LF:25
LH:25
BRDA:17,0,0,2
BRDA:17,0,1,3
BRDA:17,1,0,5
BRDA:17,1,1,3
BRDA:18,2,0,2
BRDA:18,2,1,1
BRDA:29,3,0,2
BRDA:29,3,1,1
BRDA:31,4,0,1
BRDA:31,4,1,1
BRDA:63,5,0,3
BRDA:63,5,1,174
BRDA:86,6,0,3
BRDA:86,6,1,11
BRF:14
BRH:14
end_of_record
TN:
SF:src/lib/core/parsing/languages/python/index.ts
FN:28,(anonymous_0)
FN:35,(anonymous_1)
FN:37,(anonymous_2)
FN:44,(anonymous_3)
FN:52,(anonymous_4)
FN:59,(anonymous_5)
FNF:6
FNH:4
FNDA:30,(anonymous_0)
FNDA:15,(anonymous_1)
FNDA:1,(anonymous_2)
FNDA:12,(anonymous_3)
FNDA:0,(anonymous_4)
FNDA:0,(anonymous_5)
DA:12,36
DA:13,36
DA:14,36
DA:15,36
DA:16,36
DA:19,36
DA:20,36
DA:21,36
DA:23,36
DA:29,30
DA:36,15
DA:37,15
DA:45,12
DA:53,0
DA:61,0
DA:66,31
LF:16
LH:14
BRF:0
BRH:0
end_of_record
TN:
SF:src/lib/core/parsing/languages/python/queries.ts
FNF:0
FNH:0
DA:4,31
LF:1
LH:1
BRF:0
BRH:0
end_of_record
TN:
SF:src/lib/core/parsing/languages/python/resolver.ts
FN:13,(anonymous_0)
FN:31,(anonymous_1)
FN:55,(anonymous_2)
FN:75,(anonymous_3)
FNF:4
FNH:3
FNDA:35,(anonymous_0)
FNDA:35,(anonymous_1)
FNDA:0,(anonymous_2)
FNDA:40,(anonymous_3)
DA:16,35
DA:17,35
DA:21,2
DA:22,0
DA:25,2
DA:32,35
DA:33,35
DA:36,35
DA:37,35
DA:38,35
DA:41,3
DA:42,3
DA:43,5
DA:44,5
DA:45,5
DA:46,4
DA:49,2
DA:56,0
DA:57,0
DA:59,0
DA:60,0
DA:62,0
DA:64,0
DA:65,0
DA:68,0
DA:69,0
DA:77,40
DA:78,40
DA:80,39
DA:81,39
DA:83,7
LF:31
LH:21
BRDA:17,0,0,33
BRDA:17,0,1,2
BRDA:21,1,0,0
BRDA:21,1,1,2
BRDA:38,2,0,32
BRDA:38,2,1,3
BRDA:42,3,0,7
BRDA:42,3,1,6
BRDA:45,4,0,1
BRDA:45,4,1,4
BRDA:57,5,0,0
BRDA:57,5,1,0
BRDA:78,6,0,1
BRDA:78,6,1,39
BRDA:81,7,0,32
BRDA:81,7,1,7
BRF:16
BRH:13
end_of_record
TN:
SF:src/lib/core/parsing/processors/binding.ts
FN:13,(anonymous_0)
FN:27,(anonymous_1)
FNF:2
FNH:2
FNDA:1,(anonymous_0)
FNDA:1,(anonymous_1)
DA:14,1
DA:28,1
DA:29,2
LF:3
LH:3
BRF:0
BRH:0
end_of_record
TN:
SF:src/lib/core/parsing/processors/call.ts
FN:13,(anonymous_0)
FN:30,(anonymous_1)
FNF:2
FNH:2
FNDA:8,(anonymous_0)
FNDA:9,(anonymous_1)
DA:14,8
DA:16,8
DA:32,9
LF:3
LH:3
BRDA:13,0,0,0
BRDA:14,1,0,0
BRDA:14,1,1,8
BRDA:17,2,0,8
BRDA:17,2,1,0
BRF:5
BRH:2
end_of_record
TN:
SF:src/lib/core/parsing/processors/flow.ts
FN:13,(anonymous_0)
FN:28,(anonymous_1)
FN:54,(anonymous_2)
FNF:3
FNH:3
FNDA:1,(anonymous_0)
FNDA:1,(anonymous_1)
FNDA:1,(anonymous_2)
DA:16,1
DA:29,1
DA:30,1
DA:33,1
DA:42,1
DA:55,1
DA:57,1
DA:66,1
LF:8
LH:8
BRDA:30,0,0,1
BRDA:30,0,1,0
BRF:2
BRH:1
end_of_record
TN:
SF:src/lib/core/parsing/processors/heritage.ts
FN:13,(anonymous_0)
FN:30,(anonymous_1)
FNF:2
FNH:2
FNDA:3,(anonymous_0)
FNDA:2,(anonymous_1)
DA:14,3
DA:17,2
DA:19,2
DA:32,2
LF:4
LH:4
BRDA:14,0,0,1
BRDA:14,0,1,2
BRDA:14,1,0,3
BRDA:14,1,1,2
BRDA:17,2,0,1
BRDA:17,2,1,1
BRDA:32,3,0,2
BRDA:32,3,1,1
BRDA:32,3,2,1
BRF:9
BRH:9
end_of_record
TN:
SF:src/lib/core/parsing/processors/import.ts
FN:16,(anonymous_0)
FN:58,(anonymous_1)
FN:78,(anonymous_2)
FNF:3
FNH:3
FNDA:33,(anonymous_0)
FNDA:15,(anonymous_1)
FNDA:2,(anonymous_2)
DA:18,33
DA:19,30
DA:20,30
DA:23,4
DA:26,4
DA:27,2
DA:28,2
DA:29,4
DA:30,4
DA:35,2
DA:36,2
DA:37,3
DA:38,3
DA:39,18
DA:44,1
DA:46,1
DA:48,1
DA:49,0
DA:52,1
DA:59,15
DA:60,15
DA:62,15
DA:63,15
DA:64,15
DA:66,15
DA:79,2
LF:26
LH:25
BRDA:18,0,0,30
BRDA:18,0,1,3
BRDA:20,1,0,29
BRDA:20,1,1,1
BRDA:26,2,0,2
BRDA:26,2,1,2
BRDA:30,3,0,2
BRDA:30,3,1,2
BRDA:37,4,0,0
BRDA:37,4,1,3
BRDA:39,5,0,1
BRDA:39,5,1,17
BRDA:46,6,0,0
BRDA:46,6,1,1
BRDA:48,7,0,0
BRDA:48,7,1,1
BRDA:60,8,0,0
BRDA:60,8,1,15
BRDA:62,9,0,15
BRDA:62,9,1,0
BRDA:63,10,0,0
BRDA:63,10,1,15
BRDA:64,11,0,0
BRDA:64,11,1,15
BRDA:69,12,0,0
BRDA:69,12,1,15
BRF:26
BRH:18
end_of_record
TN:
SF:src/lib/core/parsing/providers/base.ts
FN:74,(anonymous_0)
FNF:1
FNH:0
FNDA:0,(anonymous_0)
DA:72,36
DA:75,0
LF:2
LH:1
BRF:0
BRH:0
end_of_record
TN:
SF:src/lib/core/persistence/persistence.ts
FN:22,(anonymous_0)
FN:26,(anonymous_1)
FN:34,(anonymous_2)
FN:45,(anonymous_3)
FN:49,(anonymous_4)
FN:59,(anonymous_5)
FN:61,(anonymous_6)
FN:78,(anonymous_7)
FN:89,(anonymous_8)
FN:96,(anonymous_9)
FN:100,(anonymous_10)
FN:102,(anonymous_11)
FN:106,(anonymous_12)
FN:113,(anonymous_13)
FN:120,(anonymous_14)
FN:132,(anonymous_15)
FN:138,(anonymous_16)
FN:139,(anonymous_17)
FN:147,(anonymous_18)
FN:147,(anonymous_19)
FN:152,(anonymous_20)
FN:152,(anonymous_21)
FN:157,(anonymous_22)
FN:177,(anonymous_23)
FN:186,(anonymous_24)
FN:186,(anonymous_25)
FN:190,(anonymous_26)
FN:202,(anonymous_27)
FN:205,(anonymous_28)
FN:205,(anonymous_29)
FN:208,(anonymous_30)
FN:208,(anonymous_31)
FN:209,(anonymous_32)
FN:211,(anonymous_33)
FN:211,(anonymous_34)
FN:212,(anonymous_35)
FN:212,(anonymous_36)
FN:213,(anonymous_37)
FN:220,(anonymous_38)
FN:225,(anonymous_39)
FN:227,(anonymous_40)
FN:227,(anonymous_41)
FN:231,(anonymous_42)
FN:235,(anonymous_43)
FN:237,(anonymous_44)
FNF:45
FNH:38
FNDA:2,(anonymous_0)
FNDA:1,(anonymous_1)
FNDA:1,(anonymous_2)
FNDA:0,(anonymous_3)
FNDA:2,(anonymous_4)
FNDA:0,(anonymous_5)
FNDA:1,(anonymous_6)
FNDA:33,(anonymous_7)
FNDA:0,(anonymous_8)
FNDA:5,(anonymous_9)
FNDA:4,(anonymous_10)
FNDA:4,(anonymous_11)
FNDA:4,(anonymous_12)
FNDA:4,(anonymous_13)
FNDA:4,(anonymous_14)
FNDA:1,(anonymous_15)
FNDA:1,(anonymous_16)
FNDA:1,(anonymous_17)
FNDA:1,(anonymous_18)
FNDA:1,(anonymous_19)
FNDA:1,(anonymous_20)
FNDA:1,(anonymous_21)
FNDA:1,(anonymous_22)
FNDA:1,(anonymous_23)
FNDA:0,(anonymous_24)
FNDA:0,(anonymous_25)
FNDA:1,(anonymous_26)
FNDA:2,(anonymous_27)
FNDA:2,(anonymous_28)
FNDA:2,(anonymous_29)
FNDA:1,(anonymous_30)
FNDA:1,(anonymous_31)
FNDA:1,(anonymous_32)
FNDA:1,(anonymous_33)
FNDA:1,(anonymous_34)
FNDA:1,(anonymous_35)
FNDA:1,(anonymous_36)
FNDA:1,(anonymous_37)
FNDA:0,(anonymous_38)
FNDA:4,(anonymous_39)
FNDA:4,(anonymous_40)
FNDA:4,(anonymous_41)
FNDA:0,(anonymous_42)
FNDA:2,(anonymous_43)
FNDA:1,(anonymous_44)
DA:22,2
DA:23,2
DA:27,1
DA:33,1
DA:34,1
DA:35,1
DA:37,1
DA:38,1
DA:40,0
DA:41,0
DA:46,0
DA:50,2
DA:51,2
DA:52,1
DA:53,1
DA:54,1
DA:55,1
DA:56,1
DA:62,1
DA:63,1
DA:64,1
DA:65,1
DA:75,33
DA:79,33
DA:80,33
DA:81,4
DA:82,4
DA:84,29
DA:85,29
DA:90,0
DA:91,0
DA:92,0
DA:97,5
DA:98,4
DA:100,4
DA:101,4
DA:102,4
DA:103,4
DA:104,4
DA:106,4
DA:107,4
DA:108,4
DA:109,4
DA:111,4
DA:113,4
DA:114,4
DA:115,4
DA:116,4
DA:120,4
DA:121,4
DA:122,4
DA:127,0
DA:133,1
DA:134,1
DA:135,1
DA:136,1
DA:138,1
DA:139,1
DA:140,1
DA:141,1
DA:144,1
DA:145,1
DA:146,1
DA:147,1
DA:149,1
DA:152,1
DA:155,1
DA:156,1
DA:157,1
DA:158,1
DA:177,1
DA:181,1
DA:184,1
DA:185,1
DA:186,0
DA:188,1
DA:190,1
DA:191,1
DA:192,1
DA:195,0
DA:196,0
DA:203,2
DA:204,2
DA:205,2
DA:206,2
DA:208,1
DA:209,1
DA:211,1
DA:212,1
DA:213,1
DA:214,1
DA:215,1
DA:217,0
DA:220,1
DA:221,1
DA:222,0
DA:226,4
DA:227,4
DA:232,0
DA:235,2
DA:238,1
DA:239,1
DA:240,1
DA:241,1
DA:245,31
LF:105
LH:92
BRDA:22,0,0,0
BRDA:22,1,0,2
BRDA:34,2,0,1
BRDA:34,2,1,0
BRDA:53,3,0,1
BRDA:53,3,1,0
BRDA:54,4,0,1
BRDA:54,4,1,0
BRDA:78,5,0,29
BRDA:78,6,0,33
BRDA:80,7,0,4
BRDA:80,7,1,29
BRDA:91,8,0,0
BRDA:91,8,1,0
BRDA:97,9,0,1
BRDA:97,9,1,4
BRDA:98,10,0,0
BRDA:98,10,1,4
BRDA:103,11,0,0
BRDA:103,11,1,4
BRDA:114,12,0,4
BRDA:114,12,1,0
BRDA:121,13,0,0
BRDA:121,13,1,4
BRDA:147,14,0,0
BRDA:147,14,1,1
BRDA:152,15,0,0
BRDA:152,15,1,1
BRDA:160,16,0,1
BRDA:160,16,1,0
BRDA:160,17,0,1
BRDA:160,17,1,1
BRDA:161,18,0,1
BRDA:161,18,1,1
BRDA:162,19,0,0
BRDA:162,19,1,1
BRDA:163,20,0,1
BRDA:163,20,1,1
BRDA:163,20,2,1
BRDA:164,21,0,1
BRDA:164,21,1,1
BRDA:164,21,2,1
BRDA:165,22,0,1
BRDA:165,22,1,1
BRDA:165,22,2,1
BRDA:166,23,0,1
BRDA:166,23,1,1
BRDA:166,23,2,1
BRDA:167,24,0,1
BRDA:167,24,1,1
BRDA:167,24,2,1
BRDA:168,25,0,1
BRDA:168,25,1,1
BRDA:168,25,2,1
BRDA:169,26,0,1
BRDA:169,26,1,1
BRDA:169,26,2,1
BRDA:170,27,0,1
BRDA:170,27,1,1
BRDA:170,27,2,1
BRDA:171,28,0,1
BRDA:171,28,1,1
BRDA:171,28,2,1
BRDA:172,29,0,1
BRDA:172,29,1,1
BRDA:172,29,2,1
BRDA:173,30,0,0
BRDA:173,30,1,1
BRDA:174,31,0,1
BRDA:174,31,1,1
BRDA:175,32,0,1
BRDA:175,32,1,1
BRDA:176,33,0,1
BRDA:176,33,1,0
BRDA:177,34,0,0
BRDA:177,34,1,1
BRDA:186,35,0,0
BRDA:186,35,1,0
BRDA:186,36,0,0
BRDA:186,36,1,0
BRDA:191,37,0,0
BRDA:191,37,1,1
BRDA:205,38,0,1
BRDA:205,38,1,1
BRDA:205,39,0,2
BRDA:205,39,1,2
BRDA:206,40,0,1
BRDA:206,40,1,1
BRDA:208,41,0,0
BRDA:208,41,1,1
BRDA:211,42,0,0
BRDA:211,42,1,1
BRDA:212,43,0,0
BRDA:212,43,1,1
BRDA:215,44,0,1
BRDA:215,44,1,0
BRDA:215,45,0,1
BRDA:215,45,1,0
BRDA:215,46,0,1
BRDA:215,46,1,0
BRDA:215,47,0,1
BRDA:215,47,1,0
BRDA:215,48,0,1
BRDA:215,48,1,1
BRDA:215,49,0,1
BRDA:215,49,1,1
BRDA:215,50,0,1
BRDA:215,50,1,1
BRDA:215,51,0,1
BRDA:215,51,1,1
BRDA:215,52,0,1
BRDA:215,52,1,1
BRDA:215,53,0,1
BRDA:215,53,1,1
BRDA:215,54,0,1
BRDA:215,54,1,0
BRDA:215,55,0,1
BRDA:215,55,1,1
BRDA:215,56,0,1
BRDA:215,56,1,1
BRDA:215,57,0,1
BRDA:215,57,1,1
BRDA:220,58,0,0
BRDA:220,58,1,0
BRDA:226,59,0,4
BRDA:226,59,1,0
BRDA:232,60,0,0
BRDA:232,60,1,0
BRF:128
BRH:93
end_of_record
TN:
SF:src/lib/domain/analysis/conducks-core.ts
FN:49,(anonymous_0)
FN:57,(anonymous_1)
FN:71,(anonymous_2)
FN:139,(anonymous_3)
FN:144,(anonymous_4)
FN:146,(anonymous_5)
FN:152,(anonymous_6)
FN:158,(anonymous_7)
FN:162,(anonymous_8)
FN:170,(anonymous_9)
FN:172,(anonymous_10)
FN:182,(anonymous_11)
FN:192,(anonymous_12)
FN:209,(anonymous_13)
FN:215,(anonymous_14)
FN:220,(anonymous_15)
FN:222,(anonymous_16)
FN:224,(anonymous_17)
FN:225,(anonymous_18)
FN:226,(anonymous_19)
FN:231,(anonymous_20)
FN:262,(anonymous_21)
FN:275,(anonymous_22)
FN:283,(anonymous_23)
FNF:24
FNH:0
FNDA:0,(anonymous_0)
FNDA:0,(anonymous_1)
FNDA:0,(anonymous_2)
FNDA:0,(anonymous_3)
FNDA:0,(anonymous_4)
FNDA:0,(anonymous_5)
FNDA:0,(anonymous_6)
FNDA:0,(anonymous_7)
FNDA:0,(anonymous_8)
FNDA:0,(anonymous_9)
FNDA:0,(anonymous_10)
FNDA:0,(anonymous_11)
FNDA:0,(anonymous_12)
FNDA:0,(anonymous_13)
FNDA:0,(anonymous_14)
FNDA:0,(anonymous_15)
FNDA:0,(anonymous_16)
FNDA:0,(anonymous_17)
FNDA:0,(anonymous_18)
FNDA:0,(anonymous_19)
FNDA:0,(anonymous_20)
FNDA:0,(anonymous_21)
FNDA:0,(anonymous_22)
FNDA:0,(anonymous_23)
DA:26,0
DA:27,0
DA:33,0
DA:34,0
DA:35,0
DA:36,0
DA:37,0
DA:38,0
DA:39,0
DA:40,0
DA:41,0
DA:42,0
DA:45,0
DA:46,0
DA:47,0
DA:50,0
DA:51,0
DA:53,0
DA:54,0
DA:58,0
DA:59,0
DA:62,0
DA:72,0
DA:74,0
DA:75,0
DA:76,0
DA:78,0
DA:79,0
DA:80,0
DA:82,0
DA:84,0
DA:85,0
DA:86,0
DA:89,0
DA:90,0
DA:91,0
DA:94,0
DA:95,0
DA:97,0
DA:103,0
DA:106,0
DA:107,0
DA:108,0
DA:109,0
DA:110,0
DA:111,0
DA:113,0
DA:115,0
DA:116,0
DA:120,0
DA:123,0
DA:126,0
DA:129,0
DA:130,0
DA:131,0
DA:132,0
DA:133,0
DA:136,0
DA:140,0
DA:141,0
DA:144,0
DA:147,0
DA:148,0
DA:149,0
DA:153,0
DA:154,0
DA:155,0
DA:159,0
DA:163,0
DA:164,0
DA:165,0
DA:166,0
DA:167,0
DA:170,0
DA:173,0
DA:174,0
DA:175,0
DA:176,0
DA:177,0
DA:179,0
DA:183,0
DA:184,0
DA:185,0
DA:186,0
DA:187,0
DA:188,0
DA:189,0
DA:193,0
DA:194,0
DA:195,0
DA:198,0
DA:199,0
DA:200,0
DA:201,0
DA:202,0
DA:203,0
DA:205,0
DA:206,0
DA:210,0
DA:211,0
DA:212,0
DA:216,0
DA:220,0
DA:223,0
DA:224,0
DA:225,0
DA:226,0
DA:227,0
DA:228,0
DA:232,0
DA:233,0
DA:234,0
DA:235,0
DA:236,0
DA:237,0
DA:238,0
DA:239,0
DA:241,0
DA:263,0
DA:264,0
DA:265,0
DA:267,0
DA:268,0
DA:269,0
DA:271,0
DA:272,0
DA:276,0
DA:277,0
DA:278,0
DA:279,0
DA:280,0
DA:284,0
DA:285,0
DA:286,0
DA:287,0
DA:291,0
LF:136
LH:0
BRDA:50,0,0,0
BRDA:50,0,1,0
BRDA:85,1,0,0
BRDA:85,1,1,0
BRDA:94,2,0,0
BRDA:94,2,1,0
BRDA:97,3,0,0
BRDA:97,3,1,0
BRDA:99,4,0,0
BRDA:99,4,1,0
BRDA:110,5,0,0
BRDA:110,5,1,0
BRDA:130,6,0,0
BRDA:130,6,1,0
BRDA:139,7,0,0
BRDA:140,8,0,0
BRDA:140,8,1,0
BRDA:146,9,0,0
BRDA:146,10,0,0
BRDA:148,11,0,0
BRDA:148,11,1,0
BRDA:166,12,0,0
BRDA:166,12,1,0
BRDA:174,13,0,0
BRDA:174,13,1,0
BRDA:185,14,0,0
BRDA:185,14,1,0
BRDA:185,15,0,0
BRDA:185,15,1,0
BRDA:195,16,0,0
BRDA:195,16,1,0
BRDA:198,17,0,0
BRDA:198,17,1,0
BRDA:199,18,0,0
BRDA:199,18,1,0
BRDA:200,19,0,0
BRDA:200,19,1,0
BRDA:203,20,0,0
BRDA:203,20,1,0
BRDA:228,21,0,0
BRDA:228,21,1,0
BRDA:236,22,0,0
BRDA:236,22,1,0
BRDA:238,23,0,0
BRDA:238,23,1,0
BRDA:238,23,2,0
BRDA:239,24,0,0
BRDA:239,24,1,0
BRDA:244,25,0,0
BRDA:244,25,1,0
BRDA:248,26,0,0
BRDA:248,26,1,0
BRDA:254,27,0,0
BRDA:254,27,1,0
BRDA:265,28,0,0
BRDA:265,28,1,0
BRDA:268,29,0,0
BRDA:268,29,1,0
BRDA:269,30,0,0
BRDA:269,30,1,0
BRF:60
BRH:0
end_of_record
TN:
SF:src/lib/domain/analysis/orchestrator.ts
FN:18,(anonymous_0)
FN:28,(anonymous_1)
FN:31,(anonymous_2)
FN:49,(anonymous_3)
FN:67,(anonymous_4)
FNF:5
FNH:5
FNDA:35,(anonymous_0)
FNDA:10,(anonymous_1)
FNDA:25,(anonymous_2)
FNDA:25,(anonymous_3)
FNDA:11,(anonymous_4)
DA:16,35
DA:19,35
DA:20,35
DA:21,35
DA:22,35
DA:29,10
DA:30,10
DA:31,25
DA:32,10
DA:35,10
DA:36,25
DA:37,25
DA:38,25
DA:40,22
DA:41,22
DA:45,10
DA:48,10
DA:49,16
DA:50,25
DA:51,25
DA:52,22
DA:54,16
DA:58,10
DA:60,10
DA:61,10
DA:68,11
DA:69,11
DA:70,8
LF:28
LH:28
BRDA:22,0,0,32
BRDA:38,1,0,3
BRDA:38,1,1,22
BRDA:51,2,0,3
BRDA:51,2,1,22
BRDA:60,3,0,10
BRDA:60,3,1,10
BRDA:69,4,0,8
BRDA:69,4,1,3
BRF:9
BRH:9
end_of_record
TN:
SF:src/lib/domain/analysis/pipeline.ts
FN:14,(anonymous_0)
FN:35,(anonymous_1)
FN:36,(anonymous_2)
FN:54,(anonymous_3)
FN:55,(anonymous_4)
FNF:5
FNH:0
FNDA:0,(anonymous_0)
FNDA:0,(anonymous_1)
FNDA:0,(anonymous_2)
FNDA:0,(anonymous_3)
FNDA:0,(anonymous_4)
DA:15,0
DA:16,0
DA:19,0
DA:20,0
DA:23,0
DA:24,0
DA:25,0
DA:26,0
DA:28,0
DA:29,0
DA:33,0
DA:34,0
DA:35,0
DA:36,0
DA:38,0
DA:39,0
DA:40,0
DA:42,0
DA:43,0
DA:44,0
DA:45,0
DA:46,0
DA:49,0
DA:53,0
DA:54,0
DA:55,0
DA:57,0
DA:58,0
DA:61,0
LF:29
LH:0
BRDA:25,0,0,0
BRDA:25,0,1,0
BRDA:26,1,0,0
BRDA:26,1,1,0
BRDA:28,2,0,0
BRDA:28,2,1,0
BRDA:43,3,0,0
BRDA:43,3,1,0
BRDA:44,4,0,0
BRDA:44,4,1,0
BRDA:46,5,0,0
BRDA:46,5,1,0
BRDA:57,6,0,0
BRDA:57,6,1,0
BRF:14
BRH:0
end_of_record
TN:
SF:src/lib/domain/analysis/reflector.ts
FN:32,(anonymous_0)
FN:77,(anonymous_1)
FN:78,(anonymous_2)
FN:100,(anonymous_3)
FN:110,(anonymous_4)
FN:126,(anonymous_5)
FN:132,(anonymous_6)
FN:165,(anonymous_7)
FN:269,(anonymous_8)
FN:288,(anonymous_9)
FN:289,(anonymous_10)
FN:289,(anonymous_11)
FNF:12
FNH:11
FNDA:20,(anonymous_0)
FNDA:65,(anonymous_1)
FNDA:41,(anonymous_2)
FNDA:12,(anonymous_3)
FNDA:19,(anonymous_4)
FNDA:65,(anonymous_5)
FNDA:65,(anonymous_6)
FNDA:1,(anonymous_7)
FNDA:0,(anonymous_8)
FNDA:32,(anonymous_9)
FNDA:22,(anonymous_10)
FNDA:15,(anonymous_11)
DA:23,32
DA:24,32
DA:25,32
DA:26,32
DA:27,32
DA:38,20
DA:44,20
DA:46,20
DA:47,20
DA:49,20
DA:50,20
DA:52,20
DA:53,20
DA:54,20
DA:56,20
DA:59,20
DA:72,20
DA:74,20
DA:77,65
DA:78,41
DA:80,35
DA:82,12
DA:83,12
DA:85,12
DA:86,12
DA:100,12
DA:101,12
DA:102,12
DA:103,12
DA:104,12
DA:110,20
DA:113,19
DA:114,19
DA:115,7
DA:116,7
DA:117,7
DA:121,19
DA:125,20
DA:126,65
DA:127,35
DA:129,35
DA:130,35
DA:132,35
DA:133,65
DA:134,65
DA:137,35
DA:139,35
DA:140,65
DA:141,65
DA:144,65
DA:145,28
DA:146,28
DA:147,12
DA:148,12
DA:151,12
DA:152,12
DA:153,12
DA:154,12
DA:160,37
DA:161,16
DA:162,16
DA:163,15
DA:164,15
DA:165,1
DA:167,14
DA:171,21
DA:172,0
DA:174,21
DA:175,0
DA:177,21
DA:178,7
DA:179,7
DA:180,7
DA:185,14
DA:186,0
DA:187,0
DA:188,0
DA:190,14
DA:191,0
DA:192,0
DA:193,0
DA:194,0
DA:196,14
DA:197,0
DA:198,0
DA:199,0
DA:200,0
DA:204,14
DA:205,0
DA:206,0
DA:207,0
DA:208,0
DA:209,0
DA:210,0
DA:211,0
DA:212,0
DA:220,20
DA:223,20
DA:224,32
DA:225,12
DA:226,12
DA:227,0
DA:237,20
DA:238,20
DA:239,20
DA:240,20
DA:241,20
DA:242,20
DA:244,20
DA:246,32
DA:247,32
DA:248,32
DA:249,32
DA:252,32
DA:253,32
DA:254,32
DA:255,32
DA:256,32
DA:258,32
DA:259,32
DA:260,32
DA:261,0
DA:262,0
DA:263,0
DA:267,32
DA:268,32
DA:269,0
DA:270,0
DA:271,0
DA:272,0
DA:274,0
DA:275,0
DA:276,0
DA:277,0
DA:280,0
DA:281,0
DA:282,0
DA:283,0
DA:288,32
DA:289,22
DA:290,15
DA:293,20
LF:142
LH:105
BRDA:44,0,0,20
BRDA:44,0,1,20
BRDA:44,0,2,20
BRDA:47,1,0,0
BRDA:47,1,1,20
BRDA:50,2,0,0
BRDA:50,2,1,20
BRDA:77,3,0,35
BRDA:77,3,1,23
BRDA:77,4,0,65
BRDA:77,4,1,53
BRDA:78,5,0,41
BRDA:78,5,1,41
BRDA:80,6,0,23
BRDA:80,6,1,12
BRDA:85,7,0,12
BRDA:85,7,1,0
BRDA:100,8,0,12
BRDA:100,8,1,0
BRDA:101,9,0,12
BRDA:101,9,1,0
BRDA:103,10,0,12
BRDA:103,10,1,0
BRDA:114,11,0,12
BRDA:114,11,1,7
BRDA:114,12,0,19
BRDA:114,12,1,12
BRDA:115,13,0,7
BRDA:115,13,1,0
BRDA:115,14,0,7
BRDA:115,14,1,7
BRDA:116,15,0,7
BRDA:116,15,1,0
BRDA:116,16,0,7
BRDA:116,16,1,0
BRDA:121,17,0,19
BRDA:121,17,1,12
BRDA:127,18,0,12
BRDA:127,18,1,23
BRDA:134,19,0,2
BRDA:134,19,1,63
BRDA:144,20,0,28
BRDA:144,20,1,37
BRDA:146,21,0,12
BRDA:146,21,1,16
BRDA:151,22,0,12
BRDA:151,22,1,0
BRDA:151,23,0,12
BRDA:151,23,1,12
BRDA:151,23,2,0
BRDA:151,23,3,0
BRDA:160,24,0,16
BRDA:160,24,1,21
BRDA:162,25,0,15
BRDA:162,25,1,1
BRDA:163,26,0,15
BRDA:163,26,1,0
BRDA:163,27,0,15
BRDA:163,27,1,0
BRDA:164,28,0,1
BRDA:164,28,1,14
BRDA:165,29,0,1
BRDA:165,29,1,0
BRDA:171,30,0,0
BRDA:171,30,1,21
BRDA:171,31,0,21
BRDA:171,31,1,0
BRDA:174,32,0,0
BRDA:174,32,1,21
BRDA:174,33,0,21
BRDA:174,33,1,0
BRDA:177,34,0,7
BRDA:177,34,1,14
BRDA:177,35,0,21
BRDA:177,35,1,19
BRDA:179,36,0,0
BRDA:179,36,1,7
BRDA:185,37,0,0
BRDA:185,37,1,14
BRDA:186,38,0,0
BRDA:186,38,1,0
BRDA:190,39,0,0
BRDA:190,39,1,14
BRDA:191,40,0,0
BRDA:191,40,1,0
BRDA:192,41,0,0
BRDA:192,41,1,0
BRDA:196,42,0,0
BRDA:196,42,1,14
BRDA:197,43,0,0
BRDA:197,43,1,0
BRDA:198,44,0,0
BRDA:198,44,1,0
BRDA:204,45,0,0
BRDA:204,45,1,14
BRDA:204,46,0,14
BRDA:204,46,1,0
BRDA:206,47,0,0
BRDA:206,47,1,0
BRDA:209,48,0,0
BRDA:209,48,1,0
BRDA:210,49,0,0
BRDA:210,49,1,0
BRDA:224,50,0,20
BRDA:224,50,1,12
BRDA:226,51,0,0
BRDA:226,51,1,12
BRDA:226,52,0,12
BRDA:226,52,1,12
BRDA:226,52,2,0
BRDA:260,53,0,0
BRDA:260,53,1,32
BRDA:261,54,0,0
BRDA:261,54,1,0
BRDA:262,55,0,0
BRDA:262,55,1,0
BRDA:263,56,0,0
BRDA:263,56,1,0
BRDA:268,57,0,0
BRDA:268,57,1,32
BRDA:277,58,0,0
BRDA:277,58,1,0
BRF:122
BRH:69
end_of_record
TN:
SF:src/lib/domain/evolution/dead-code.ts
FN:20,(anonymous_0)
FN:43,(anonymous_1)
FN:60,(anonymous_2)
FN:75,(anonymous_3)
FN:78,(anonymous_4)
FNF:5
FNH:5
FNDA:8,(anonymous_0)
FNDA:1,(anonymous_1)
FNDA:1,(anonymous_2)
FNDA:6,(anonymous_3)
FNDA:24,(anonymous_4)
DA:21,8
DA:22,8
DA:24,8
DA:25,13
DA:29,13
DA:30,13
DA:31,3
DA:37,3
DA:41,10
DA:43,1
DA:44,1
DA:45,1
DA:48,1
DA:49,1
DA:59,10
DA:60,3
DA:61,3
DA:62,2
DA:72,8
DA:76,6
DA:77,6
DA:78,24
LF:22
LH:22
BRDA:30,0,0,3
BRDA:30,0,1,10
BRDA:30,1,0,13
BRDA:30,1,1,6
BRDA:30,1,2,5
BRDA:41,2,0,1
BRDA:41,2,1,9
BRDA:45,3,0,1
BRDA:45,3,1,1
BRDA:48,4,0,1
BRDA:48,4,1,0
BRDA:48,5,0,1
BRDA:48,5,1,1
BRDA:59,6,0,3
BRDA:59,6,1,7
BRDA:59,7,0,10
BRDA:59,7,1,10
BRDA:60,8,0,1
BRDA:60,8,1,0
BRDA:61,9,0,2
BRDA:61,9,1,1
BRF:21
BRH:19
end_of_record
TN:
SF:src/lib/domain/evolution/gvr-engine.ts
FN:17,(anonymous_0)
FN:22,(anonymous_1)
FN:35,(anonymous_2)
FN:38,(anonymous_3)
FN:79,(anonymous_4)
FN:92,(anonymous_5)
FNF:6
FNH:6
FNDA:35,(anonymous_0)
FNDA:5,(anonymous_1)
FNDA:4,(anonymous_2)
FNDA:8,(anonymous_3)
FNDA:2,(anonymous_4)
FNDA:8,(anonymous_5)
DA:17,35
DA:27,5
DA:28,5
DA:29,1
DA:33,4
DA:34,4
DA:35,4
DA:37,4
DA:38,4
DA:39,8
DA:40,8
DA:41,8
DA:45,4
DA:51,4
DA:52,4
DA:54,4
DA:55,8
DA:56,8
DA:60,4
DA:61,8
DA:63,8
DA:66,8
DA:69,2
DA:76,2
DA:78,2
DA:79,4
DA:80,2
DA:84,2
DA:93,8
DA:94,3
LF:30
LH:30
BRDA:17,0,0,29
BRDA:28,1,0,1
BRDA:28,1,1,4
BRDA:40,2,0,8
BRDA:40,2,1,0
BRDA:40,3,0,8
BRDA:40,3,1,8
BRDA:93,4,0,3
BRDA:93,4,1,5
BRF:9
BRH:8
end_of_record
TN:
SF:src/lib/domain/evolution/watcher.ts
FN:27,(anonymous_0)
FN:36,(anonymous_1)
FN:50,(anonymous_2)
FN:51,(anonymous_3)
FN:52,(anonymous_4)
FN:58,(anonymous_5)
FN:67,(anonymous_6)
FN:77,(anonymous_7)
FNF:8
FNH:3
FNDA:5,(anonymous_0)
FNDA:4,(anonymous_1)
FNDA:0,(anonymous_2)
FNDA:0,(anonymous_3)
FNDA:0,(anonymous_4)
FNDA:0,(anonymous_5)
FNDA:3,(anonymous_6)
FNDA:0,(anonymous_7)
DA:23,5
DA:24,5
DA:25,5
DA:28,5
DA:29,5
DA:30,5
DA:37,4
DA:39,4
DA:40,0
DA:43,4
DA:49,4
DA:50,0
DA:51,0
DA:52,0
DA:59,0
DA:60,0
DA:61,0
DA:68,3
DA:69,2
DA:70,2
DA:78,0
DA:80,0
DA:83,0
DA:84,0
DA:87,0
DA:90,0
DA:93,0
DA:94,0
DA:98,0
DA:99,0
LF:30
LH:13
BRDA:30,0,0,0
BRDA:37,1,0,0
BRDA:37,1,1,4
BRDA:39,2,0,0
BRDA:39,2,1,4
BRDA:39,3,0,4
BRDA:39,3,1,4
BRDA:39,3,2,4
BRDA:43,4,0,4
BRDA:43,4,1,2
BRDA:44,5,0,2
BRDA:44,5,1,2
BRDA:59,6,0,0
BRDA:59,6,1,0
BRDA:68,7,0,2
BRDA:68,7,1,1
BRDA:78,8,0,0
BRDA:78,8,1,0
BRDA:93,9,0,0
BRDA:93,9,1,0
BRDA:98,10,0,0
BRDA:98,10,1,0
BRF:22
BRH:11
end_of_record
TN:
SF:src/lib/domain/federation/conducks-installer.ts
FN:13,(anonymous_0)
FN:24,(anonymous_1)
FN:46,(anonymous_2)
FNF:3
FNH:3
FNDA:2,(anonymous_0)
FNDA:2,(anonymous_1)
FNDA:2,(anonymous_2)
DA:15,2
DA:17,2
DA:18,2
DA:25,2
DA:26,2
DA:27,2
DA:29,2
DA:31,14
DA:32,14
DA:33,14
DA:34,14
DA:37,14
DA:38,14
DA:39,14
DA:40,14
DA:43,2
DA:47,2
LF:17
LH:17
BRDA:15,0,0,1
BRF:1
BRH:1
end_of_record
TN:
SF:src/lib/domain/federation/context.ts
FN:26,(anonymous_0)
FN:34,(anonymous_1)
FN:41,(anonymous_2)
FN:48,(anonymous_3)
FN:55,(anonymous_4)
FN:62,(anonymous_5)
FN:68,(anonymous_6)
FN:72,(anonymous_7)
FN:79,(anonymous_8)
FNF:9
FNH:5
FNDA:0,(anonymous_0)
FNDA:1,(anonymous_1)
FNDA:0,(anonymous_2)
FNDA:2,(anonymous_3)
FNDA:1,(anonymous_4)
FNDA:3,(anonymous_5)
FNDA:0,(anonymous_6)
FNDA:0,(anonymous_7)
FNDA:1,(anonymous_8)
DA:9,1
DA:12,1
DA:15,1
DA:18,1
DA:21,1
DA:27,0
DA:28,0
DA:35,1
DA:42,0
DA:49,2
DA:56,1
DA:64,3
DA:65,3
DA:69,0
DA:73,0
DA:80,1
DA:81,1
DA:82,1
DA:83,1
DA:84,1
LF:20
LH:15
BRDA:27,0,0,0
BRDA:27,0,1,0
BRF:2
BRH:0
end_of_record
TN:
SF:src/lib/domain/federation/mcp-configurator.ts
FN:12,(anonymous_0)
FN:28,(anonymous_1)
FNF:2
FNH:2
FNDA:6,(anonymous_0)
FNDA:6,(anonymous_1)
DA:13,6
DA:14,6
DA:16,6
DA:29,6
DA:30,6
DA:32,2
DA:33,2
DA:36,5
DA:37,5
DA:39,5
DA:47,5
DA:48,5
DA:50,1
LF:13
LH:13
BRDA:13,0,0,1
BRDA:14,1,0,1
BRDA:30,2,0,2
BRDA:30,2,1,3
BRDA:37,3,0,5
BRDA:37,3,1,0
BRF:6
BRH:5
end_of_record
TN:
SF:src/lib/domain/governance/advisor.ts
FN:20,(anonymous_0)
FN:27,(anonymous_1)
FN:28,(anonymous_2)
FN:55,(anonymous_3)
FN:84,(anonymous_4)
FN:88,(anonymous_5)
FN:89,(anonymous_6)
FN:97,(anonymous_7)
FN:114,(anonymous_8)
FN:121,(anonymous_9)
FN:123,(anonymous_10)
FN:158,(anonymous_11)
FN:194,(anonymous_12)
FNF:13
FNH:10
FNDA:7,(anonymous_0)
FNDA:2,(anonymous_1)
FNDA:4,(anonymous_2)
FNDA:48,(anonymous_3)
FNDA:48,(anonymous_4)
FNDA:48,(anonymous_5)
FNDA:0,(anonymous_6)
FNDA:1,(anonymous_7)
FNDA:48,(anonymous_8)
FNDA:41,(anonymous_9)
FNDA:0,(anonymous_10)
FNDA:49,(anonymous_11)
FNDA:0,(anonymous_12)
DA:21,7
DA:22,7
DA:23,7
DA:26,7
DA:27,7
DA:28,2
DA:29,4
DA:30,4
DA:32,2
DA:41,7
DA:42,7
DA:43,48
DA:44,48
DA:45,2
DA:55,48
DA:56,7
DA:57,2
DA:58,2
DA:60,2
DA:61,2
DA:62,2
DA:73,7
DA:74,0
DA:83,7
DA:85,48
DA:86,48
DA:88,48
DA:89,0
DA:92,7
DA:93,1
DA:98,1
DA:99,1
DA:100,1
DA:102,1
DA:114,48
DA:115,7
DA:117,7
DA:118,48
DA:121,48
DA:122,48
DA:123,48
DA:124,48
DA:126,48
DA:130,48
DA:131,0
DA:132,0
DA:142,7
DA:143,0
DA:144,0
DA:145,0
DA:146,0
DA:155,7
DA:159,49
DA:160,49
DA:161,49
DA:162,49
DA:163,49
DA:164,49
DA:166,49
DA:167,49
DA:168,49
DA:169,49
DA:170,49
DA:171,49
DA:173,49
DA:174,49
DA:175,49
DA:176,49
DA:177,49
DA:179,49
DA:195,0
LF:71
LH:62
BRDA:20,0,0,7
BRDA:30,1,0,4
BRDA:30,1,1,0
BRDA:44,2,0,2
BRDA:44,2,1,46
BRDA:55,3,0,48
BRDA:55,3,1,47
BRDA:61,4,0,2
BRDA:61,4,1,0
BRDA:61,5,0,2
BRDA:61,5,1,2
BRDA:92,6,0,1
BRDA:92,6,1,6
BRDA:99,7,0,1
BRDA:99,7,1,1
BRDA:100,8,0,0
BRDA:100,8,1,1
BRDA:104,9,0,1
BRDA:104,9,1,0
BRDA:118,10,0,0
BRDA:118,10,1,48
BRDA:126,11,0,0
BRDA:126,11,1,48
BRDA:130,12,0,0
BRDA:130,12,1,48
BRDA:143,13,0,0
BRDA:143,13,1,0
BRDA:144,14,0,0
BRDA:144,14,1,0
BRDA:144,15,0,0
BRDA:144,15,1,0
BRDA:144,15,2,0
BRDA:144,15,3,0
BRDA:159,16,0,49
BRDA:159,16,1,3
BRDA:160,17,0,49
BRDA:160,17,1,41
BRDA:161,18,0,49
BRDA:161,18,1,48
BRDA:163,19,0,49
BRDA:163,19,1,47
BRDA:164,20,0,49
BRDA:164,20,1,48
BRF:43
BRH:28
end_of_record
TN:
SF:src/lib/domain/governance/blueprint-generator.ts
FN:24,(anonymous_0)
FN:32,(anonymous_1)
FN:58,(anonymous_2)
FN:65,(anonymous_3)
FN:66,(anonymous_4)
FN:71,(anonymous_5)
FNF:6
FNH:3
FNDA:1,(anonymous_0)
FNDA:0,(anonymous_1)
FNDA:0,(anonymous_2)
FNDA:0,(anonymous_3)
FNDA:2,(anonymous_4)
FNDA:1,(anonymous_5)
DA:16,1
DA:17,1
DA:18,1
DA:25,1
DA:26,1
DA:29,1
DA:32,1
DA:33,1
DA:36,1
DA:37,1
DA:38,0
DA:39,0
DA:42,1
DA:57,1
DA:58,0
DA:59,0
DA:62,1
DA:65,0
DA:66,2
DA:71,1
DA:77,1
DA:78,1
DA:80,1
DA:81,1
DA:83,1
LF:25
LH:20
BRDA:24,0,0,1
BRDA:38,1,0,0
BRDA:38,1,1,0
BRDA:69,2,0,0
BRDA:69,2,1,1
BRF:5
BRH:2
end_of_record
TN:
SF:src/lib/domain/governance/config-detector.ts
FN:33,(anonymous_0)
FNF:1
FNH:1
FNDA:1,(anonymous_0)
DA:11,1
DA:21,1
DA:34,1
DA:39,1
DA:40,1
DA:42,1
DA:43,31
DA:44,2
DA:46,31
DA:47,0
DA:51,0
DA:54,1
LF:12
LH:10
BRDA:43,0,0,2
BRDA:43,0,1,29
BRDA:46,1,0,0
BRDA:46,1,1,31
BRF:4
BRH:3
end_of_record
TN:
SF:src/lib/domain/governance/mirror-server.ts
FN:16,(anonymous_0)
FN:20,(anonymous_1)
FN:25,(anonymous_2)
FN:250,(anonymous_3)
FN:255,(anonymous_4)
FN:281,(anonymous_5)
FN:288,(anonymous_6)
FN:289,(anonymous_7)
FN:297,(anonymous_8)
FN:299,(anonymous_9)
FN:307,(anonymous_10)
FN:308,(anonymous_11)
FN:316,initGlobalMirror
FNF:13
FNH:0
FNDA:0,(anonymous_0)
FNDA:0,(anonymous_1)
FNDA:0,(anonymous_2)
FNDA:0,(anonymous_3)
FNDA:0,(anonymous_4)
FNDA:0,(anonymous_5)
FNDA:0,(anonymous_6)
FNDA:0,(anonymous_7)
FNDA:0,(anonymous_8)
FNDA:0,(anonymous_9)
FNDA:0,(anonymous_10)
FNDA:0,(anonymous_11)
FNDA:0,initGlobalMirror
DA:13,0
DA:14,0
DA:16,0
DA:17,0
DA:21,0
DA:22,0
DA:25,0
DA:26,0
DA:250,0
DA:251,0
DA:252,0
DA:253,0
DA:255,0
DA:264,0
DA:265,0
DA:266,0
DA:267,0
DA:277,0
DA:281,0
DA:282,0
DA:283,0
DA:284,0
DA:285,0
DA:287,0
DA:288,0
DA:289,0
DA:298,0
DA:299,0
DA:300,0
DA:308,0
DA:309,0
DA:315,0
DA:317,0
DA:318,0
LF:34
LH:0
BRDA:257,0,0,0
BRDA:257,0,1,0
BRDA:259,1,0,0
BRDA:259,1,1,0
BRDA:260,2,0,0
BRDA:260,2,1,0
BRDA:307,3,0,0
BRF:7
BRH:0
end_of_record
TN:
SF:src/lib/domain/governance/sentinel.ts
FN:29,(anonymous_0)
FN:33,(anonymous_1)
FN:75,(anonymous_2)
FN:79,(anonymous_3)
FN:81,(anonymous_4)
FN:89,(anonymous_5)
FN:108,(anonymous_6)
FNF:7
FNH:7
FNDA:13,(anonymous_0)
FNDA:10,(anonymous_1)
FNDA:10,(anonymous_2)
FNDA:12,(anonymous_3)
FNDA:3,(anonymous_4)
FNDA:10,(anonymous_5)
FNDA:1,(anonymous_6)
DA:29,13
DA:34,10
DA:39,10
DA:41,10
DA:43,13
DA:44,4
DA:45,4
DA:46,4
DA:47,4
DA:49,4
DA:53,9
DA:54,8
DA:55,6
DA:57,6
DA:58,6
DA:59,5
DA:60,5
DA:70,10
DA:72,10
DA:76,10
DA:77,10
DA:79,10
DA:80,12
DA:81,12
DA:82,3
DA:86,10
DA:90,10
DA:92,10
DA:94,2
DA:95,1
DA:97,1
DA:100,2
DA:101,2
DA:103,0
DA:106,2
DA:107,2
DA:108,2
DA:109,1
DA:111,2
DA:112,2
DA:114,0
DA:117,0
DA:118,0
DA:120,0
DA:123,4
DA:124,4
DA:126,4
DA:128,0
DA:131,1
LF:49
LH:43
BRDA:29,0,0,2
BRDA:43,1,0,4
BRDA:43,1,1,9
BRDA:45,2,0,4
BRDA:45,2,1,0
BRDA:54,3,0,2
BRDA:54,3,1,6
BRDA:54,4,0,8
BRDA:54,4,1,4
BRDA:55,5,0,0
BRDA:55,5,1,6
BRDA:55,6,0,6
BRDA:55,6,1,5
BRDA:58,7,0,5
BRDA:58,7,1,1
BRDA:80,8,0,12
BRDA:80,8,1,10
BRDA:82,9,0,3
BRDA:82,9,1,2
BRDA:90,10,0,6
BRDA:90,10,1,4
BRDA:92,11,0,2
BRDA:92,11,1,2
BRDA:92,11,2,2
BRDA:92,11,3,0
BRDA:92,11,4,4
BRDA:94,12,0,1
BRDA:94,12,1,1
BRDA:94,13,0,2
BRDA:94,13,1,2
BRDA:94,13,2,2
BRDA:95,14,0,1
BRDA:95,14,1,0
BRDA:100,15,0,2
BRDA:100,15,1,0
BRDA:100,16,0,2
BRDA:100,16,1,2
BRDA:101,17,0,2
BRDA:101,17,1,0
BRDA:101,17,2,0
BRDA:106,18,0,0
BRDA:106,18,1,2
BRDA:111,19,0,2
BRDA:111,19,1,0
BRDA:112,20,0,2
BRDA:112,20,1,0
BRDA:117,21,0,0
BRDA:117,21,1,0
BRDA:117,22,0,0
BRDA:117,22,1,0
BRDA:117,22,2,0
BRDA:118,23,0,0
BRDA:118,23,1,0
BRDA:118,23,2,0
BRF:54
BRH:36
end_of_record
TN:
SF:src/lib/domain/intelligence/gql-parser.ts
FN:13,(anonymous_0)
FNF:1
FNH:1
FNDA:7,(anonymous_0)
DA:14,7
DA:15,7
DA:17,7
DA:18,1
DA:21,6
DA:22,6
DA:24,6
DA:25,11
DA:27,6
DA:28,6
DA:29,4
DA:31,4
DA:32,4
DA:33,4
DA:35,4
DA:46,6
LF:16
LH:16
BRDA:17,0,0,1
BRDA:17,0,1,6
BRDA:25,1,0,5
BRDA:25,1,1,6
BRDA:25,2,0,11
BRDA:25,2,1,11
BRDA:29,3,0,0
BRDA:29,3,1,4
BRDA:29,4,0,4
BRDA:29,4,1,4
BRDA:32,5,0,4
BRDA:32,5,1,0
BRDA:33,6,0,0
BRDA:33,6,1,4
BRDA:33,7,0,4
BRDA:33,7,1,4
BRF:16
BRH:13
end_of_record
TN:
SF:src/lib/domain/intelligence/search-engine.ts
FN:10,(anonymous_0)
FN:18,(anonymous_1)
FN:54,(anonymous_2)
FN:56,(anonymous_3)
FN:62,(anonymous_4)
FNF:5
FNH:5
FNDA:38,(anonymous_0)
FNDA:7,(anonymous_1)
FNDA:13,(anonymous_2)
FNDA:15,(anonymous_3)
FNDA:20,(anonymous_4)
DA:10,38
DA:19,7
DA:20,7
DA:22,7
DA:23,23
DA:24,23
DA:25,23
DA:27,23
DA:30,23
DA:31,23
DA:32,23
DA:33,8
DA:34,23
DA:35,23
DA:38,23
DA:41,17
DA:42,17
DA:44,17
DA:48,17
DA:53,7
DA:54,13
DA:56,15
DA:68,20
DA:70,17
DA:71,17
DA:72,3
DA:73,3
DA:75,3
LF:28
LH:28
BRDA:18,0,0,6
BRDA:24,1,0,23
BRDA:24,1,1,0
BRDA:25,2,0,23
BRDA:25,2,1,0
BRDA:27,3,0,0
BRDA:27,3,1,23
BRDA:27,4,0,23
BRDA:27,4,1,0
BRDA:30,5,0,23
BRDA:30,5,1,14
BRDA:32,6,0,15
BRDA:32,6,1,8
BRDA:33,7,0,2
BRDA:33,7,1,6
BRDA:34,8,0,0
BRDA:34,8,1,23
BRDA:35,9,0,0
BRDA:35,9,1,23
BRDA:38,10,0,17
BRDA:38,10,1,6
BRDA:41,11,0,17
BRDA:41,11,1,11
BRDA:68,12,0,3
BRDA:68,12,1,17
BRDA:68,13,0,20
BRDA:68,13,1,17
BRDA:72,14,0,3
BRDA:72,14,1,3
BRF:29
BRH:23
end_of_record
TN:
SF:src/lib/domain/kinetic/flow-engine.ts
FN:9,(anonymous_0)
FN:14,(anonymous_1)
FN:32,(anonymous_2)
FN:34,(anonymous_3)
FN:36,(anonymous_4)
FN:52,(anonymous_5)
FN:67,(anonymous_6)
FN:78,(anonymous_7)
FNF:8
FNH:8
FNDA:36,(anonymous_0)
FNDA:3,(anonymous_1)
FNDA:3,(anonymous_2)
FNDA:9,(anonymous_3)
FNDA:6,(anonymous_4)
FNDA:9,(anonymous_5)
FNDA:10,(anonymous_6)
FNDA:7,(anonymous_7)
DA:9,36
DA:15,3
DA:16,3
DA:18,3
DA:24,3
DA:26,3
DA:33,3
DA:34,3
DA:36,9
DA:37,9
DA:40,3
DA:42,3
DA:43,3
DA:44,3
DA:45,3
DA:46,3
DA:49,3
DA:53,9
DA:54,9
DA:56,9
DA:57,9
DA:59,9
DA:60,9
DA:61,6
DA:62,6
DA:74,10
DA:75,9
DA:77,9
DA:78,9
DA:80,9
DA:81,7
DA:82,7
DA:84,7
DA:91,7
DA:92,7
DA:94,7
LF:36
LH:36
BRDA:14,0,0,3
BRDA:16,1,0,0
BRDA:16,1,1,3
BRDA:53,2,0,0
BRDA:53,2,1,9
BRDA:57,3,0,9
BRDA:57,3,1,0
BRDA:61,4,0,6
BRDA:61,4,1,0
BRDA:61,5,0,6
BRDA:61,5,1,0
BRDA:74,6,0,1
BRDA:74,6,1,9
BRDA:74,7,0,10
BRDA:74,7,1,10
BRDA:78,8,0,7
BRDA:78,8,1,0
BRDA:82,9,0,0
BRDA:82,9,1,7
BRF:19
BRH:12
end_of_record
TN:
SF:src/lib/domain/kinetic/impact.ts
FN:20,(anonymous_0)
FN:33,(anonymous_1)
FN:39,(anonymous_2)
FN:44,(anonymous_3)
FN:52,(anonymous_4)
FN:59,(anonymous_5)
FNF:6
FNH:6
FNDA:7,(anonymous_0)
FNDA:11,(anonymous_1)
FNDA:18,(anonymous_2)
FNDA:11,(anonymous_3)
FNDA:6,(anonymous_4)
FNDA:7,(anonymous_5)
DA:12,36
DA:13,36
DA:21,7
DA:31,7
DA:33,7
DA:34,11
DA:35,11
DA:39,18
DA:44,11
DA:46,7
DA:52,6
DA:60,7
DA:61,2
DA:62,0
DA:63,0
LF:15
LH:13
BRDA:20,0,0,0
BRDA:20,1,0,4
BRDA:37,2,0,11
BRDA:37,2,1,0
BRDA:60,3,0,5
BRDA:60,3,1,2
BRDA:61,4,0,2
BRDA:61,4,1,0
BRDA:62,5,0,0
BRDA:62,5,1,0
BRF:10
BRH:5
end_of_record
TN:
SF:src/lib/domain/kinetic/trace.ts
FN:19,(anonymous_0)
FN:38,(anonymous_1)
FN:50,(anonymous_2)
FNF:3
FNH:2
FNDA:0,(anonymous_0)
FNDA:7,(anonymous_1)
FNDA:1,(anonymous_2)
DA:12,36
DA:25,0
DA:26,0
DA:28,0
DA:29,0
DA:31,0
DA:45,7
DA:46,7
DA:47,7
DA:49,7
DA:50,19
DA:51,19
DA:53,19
DA:54,19
DA:56,18
DA:58,18
DA:59,11
DA:62,18
DA:63,12
DA:64,12
DA:65,12
DA:69,7
LF:22
LH:17
BRDA:23,0,0,0
BRDA:43,1,0,0
BRDA:53,2,0,0
BRDA:53,2,1,19
BRDA:53,3,0,19
BRDA:53,3,1,0
BRDA:54,4,0,1
BRDA:54,4,1,18
BRDA:58,5,0,11
BRDA:58,5,1,7
BRDA:63,6,0,0
BRDA:63,6,1,12
BRDA:64,7,0,12
BRDA:64,7,1,0
BRF:14
BRH:8
end_of_record
TN:
SF:src/lib/domain/metrics/resonance.ts
FN:21,(anonymous_0)
FN:59,(anonymous_1)
FN:65,(anonymous_2)
FN:69,(anonymous_3)
FN:81,(anonymous_4)
FNF:5
FNH:5
FNDA:2,(anonymous_0)
FNDA:4,(anonymous_1)
FNDA:7,(anonymous_2)
FNDA:7,(anonymous_3)
FNDA:2,(anonymous_4)
DA:22,2
DA:23,2
DA:26,2
DA:29,2
DA:32,2
DA:33,2
DA:34,2
DA:35,2
DA:37,2
DA:38,3
DA:39,3
DA:40,3
DA:41,3
DA:43,2
DA:46,2
DA:48,2
DA:60,4
DA:61,4
DA:63,4
DA:64,4
DA:65,7
DA:68,4
DA:69,4
DA:70,7
DA:73,4
DA:82,2
DA:83,1
DA:84,1
DA:85,1
LF:29
LH:29
BRDA:38,0,0,3
BRDA:38,0,1,1
BRDA:39,1,0,3
BRDA:39,1,1,1
BRDA:43,2,0,2
BRDA:43,2,1,0
BRDA:63,3,0,4
BRDA:63,3,1,0
BRDA:64,4,0,4
BRDA:64,4,1,0
BRDA:65,5,0,7
BRDA:65,5,1,1
BRDA:70,6,0,7
BRDA:70,6,1,4
BRDA:82,7,0,1
BRDA:82,7,1,1
BRDA:83,8,0,0
BRDA:83,8,1,1
BRDA:84,9,0,0
BRDA:84,9,1,1
BRF:20
BRH:15
end_of_record
TN:
SF:src/lib/domain/metrics/test-aligner.ts
FN:14,(anonymous_0)
FN:18,(anonymous_1)
FNF:2
FNH:2
FNDA:9,(anonymous_0)
FNDA:40,(anonymous_1)
DA:15,9
DA:18,9
DA:19,40
DA:20,40
DA:23,9
DA:24,5
DA:25,5
DA:26,5
DA:27,5
DA:29,5
DA:30,16
DA:31,16
DA:33,15
DA:35,15
DA:36,12
DA:37,11
DA:39,11
DA:40,11
DA:43,11
DA:44,10
DA:45,10
DA:47,10
DA:48,10
DA:53,11
LF:24
LH:24
BRDA:19,0,0,40
BRDA:19,0,1,36
BRDA:19,0,2,16
BRDA:31,1,0,1
BRDA:31,1,1,15
BRDA:36,2,0,1
BRDA:36,2,1,11
BRDA:40,3,0,0
BRDA:40,3,1,11
BRDA:43,4,0,10
BRDA:43,4,1,1
BRDA:44,5,0,10
BRDA:44,5,1,0
BRDA:47,6,0,10
BRDA:47,6,1,0
BRF:15
BRH:12
end_of_record
TN:
SF:src/registry/base.ts
FN:12,(anonymous_0)
FN:18,(anonymous_1)
FN:40,(anonymous_2)
FN:47,(anonymous_3)
FN:48,(anonymous_4)
FN:54,(anonymous_5)
FN:64,(anonymous_6)
FN:71,(anonymous_7)
FNF:8
FNH:8
FNDA:9,(anonymous_0)
FNDA:62,(anonymous_1)
FNDA:3,(anonymous_2)
FNDA:4,(anonymous_3)
FNDA:3,(anonymous_4)
FNDA:1,(anonymous_5)
FNDA:1,(anonymous_6)
FNDA:1,(anonymous_7)
DA:10,9
DA:12,9
DA:19,62
DA:20,1
DA:23,61
DA:24,1
DA:27,60
DA:33,60
DA:41,3
DA:48,4
DA:55,1
DA:56,1
DA:57,1
DA:65,1
DA:72,1
LF:15
LH:15
BRDA:12,0,0,5
BRDA:19,1,0,1
BRDA:19,1,1,61
BRDA:23,2,0,1
BRDA:23,2,1,60
BRDA:23,3,0,61
BRDA:23,3,1,6
BRDA:56,4,0,1
BRDA:56,4,1,0
BRF:9
BRH:8
end_of_record
TN:
SF:src/registry/dynamic-loader.ts
FN:29,(anonymous_0)
FN:37,(anonymous_1)
FN:67,(anonymous_2)
FN:107,(anonymous_3)
FN:141,(anonymous_4)
FN:158,(anonymous_5)
FN:168,(anonymous_6)
FN:199,(anonymous_7)
FN:203,(anonymous_8)
FN:213,(anonymous_9)
FN:223,(anonymous_10)
FN:227,(anonymous_11)
FN:248,(anonymous_12)
FNF:13
FNH:11
FNDA:8,(anonymous_0)
FNDA:8,(anonymous_1)
FNDA:6,(anonymous_2)
FNDA:14,(anonymous_3)
FNDA:2,(anonymous_4)
FNDA:0,(anonymous_5)
FNDA:21,(anonymous_6)
FNDA:2,(anonymous_7)
FNDA:0,(anonymous_8)
FNDA:35,(anonymous_9)
FNDA:1,(anonymous_10)
FNDA:2,(anonymous_11)
FNDA:3,(anonymous_12)
DA:22,8
DA:29,8
DA:30,8
DA:38,8
DA:40,8
DA:42,8
DA:43,1
DA:49,7
DA:51,7
DA:52,7
DA:54,0
DA:57,7
DA:68,6
DA:69,6
DA:70,6
DA:72,6
DA:73,0
DA:74,0
DA:77,6
DA:78,0
DA:81,6
DA:83,6
DA:84,35
DA:86,35
DA:87,35
DA:89,35
DA:90,14
DA:91,14
DA:92,21
DA:93,21
DA:94,21
DA:98,6
DA:108,14
DA:110,14
DA:111,0
DA:115,0
DA:118,14
DA:120,14
DA:123,14
DA:142,2
DA:143,1
DA:146,1
DA:147,1
DA:149,1
DA:150,0
DA:156,1
DA:158,0
DA:169,21
DA:172,21
DA:173,3
DA:176,21
DA:178,21
DA:181,21
DA:200,2
DA:201,1
DA:203,0
DA:214,35
DA:215,35
DA:224,1
DA:225,1
DA:227,1
DA:228,2
DA:231,1
DA:232,0
DA:235,1
DA:236,1
DA:238,1
DA:239,2
DA:240,2
DA:241,2
DA:242,1
DA:245,1
DA:249,3
DA:250,3
LF:74
LH:64
BRDA:29,0,0,3
BRDA:38,1,0,0
BRDA:38,1,1,8
BRDA:42,2,0,1
BRDA:42,2,1,7
BRDA:72,3,0,0
BRDA:72,3,1,6
BRDA:77,4,0,0
BRDA:77,4,1,6
BRDA:84,5,0,0
BRDA:84,5,1,35
BRDA:89,6,0,14
BRDA:89,6,1,21
BRDA:91,7,0,14
BRDA:91,7,1,0
BRDA:92,8,0,21
BRDA:92,8,1,0
BRDA:94,9,0,21
BRDA:94,9,1,0
BRDA:110,10,0,0
BRDA:110,10,1,14
BRDA:120,11,0,14
BRDA:120,11,1,3
BRDA:142,12,0,1
BRDA:142,12,1,1
BRDA:149,13,0,0
BRDA:149,13,1,1
BRDA:172,14,0,3
BRDA:172,14,1,18
BRDA:178,15,0,21
BRDA:178,15,1,1
BRDA:200,16,0,1
BRDA:200,16,1,1
BRDA:215,17,0,31
BRDA:215,17,1,4
BRDA:231,18,0,0
BRDA:231,18,1,1
BRDA:241,19,0,1
BRDA:241,19,1,1
BRDA:241,20,0,2
BRDA:241,20,1,1
BRDA:250,21,0,2
BRDA:250,21,1,1
BRF:43
BRH:33
end_of_record
TN:
SF:src/registry/index.ts
FN:59,initializeRegistry
FN:69,getWatcher
FN:86,(anonymous_2)
FN:87,(anonymous_3)
FN:95,(anonymous_4)
FN:102,(anonymous_5)
FN:103,(anonymous_6)
FN:105,(anonymous_7)
FN:106,(anonymous_8)
FN:108,(anonymous_9)
FN:115,(anonymous_10)
FN:119,(anonymous_11)
FN:125,(anonymous_12)
FN:126,(anonymous_13)
FN:133,(anonymous_14)
FN:162,(anonymous_15)
FN:186,(anonymous_16)
FN:193,(anonymous_17)
FNF:18
FNH:10
FNDA:3,initializeRegistry
FNDA:2,getWatcher
FNDA:5,(anonymous_2)
FNDA:2,(anonymous_3)
FNDA:0,(anonymous_4)
FNDA:0,(anonymous_5)
FNDA:0,(anonymous_6)
FNDA:0,(anonymous_7)
FNDA:0,(anonymous_8)
FNDA:0,(anonymous_9)
FNDA:2,(anonymous_10)
FNDA:1,(anonymous_11)
FNDA:1,(anonymous_12)
FNDA:1,(anonymous_13)
FNDA:1,(anonymous_14)
FNDA:1,(anonymous_15)
FNDA:0,(anonymous_16)
FNDA:0,(anonymous_17)
DA:22,29
DA:23,29
DA:24,29
DA:35,29
DA:36,29
DA:37,29
DA:38,29
DA:39,29
DA:40,29
DA:41,29
DA:42,29
DA:43,29
DA:44,29
DA:45,29
DA:46,29
DA:49,29
DA:50,29
DA:53,29
DA:60,3
DA:61,1
DA:62,1
DA:63,1
DA:67,29
DA:70,2
DA:71,2
DA:72,2
DA:74,0
DA:83,29
DA:86,5
DA:88,2
DA:96,0
DA:97,0
DA:98,0
DA:99,0
DA:100,0
DA:102,0
DA:104,0
DA:105,0
DA:106,0
DA:107,0
DA:108,0
DA:109,0
DA:110,0
DA:115,2
DA:119,1
DA:125,1
DA:127,1
DA:128,1
DA:129,1
DA:130,0
DA:131,0
DA:134,1
DA:135,1
DA:136,1
DA:138,0
DA:139,0
DA:140,0
DA:141,0
DA:143,0
DA:163,1
DA:164,1
DA:165,1
DA:166,1
DA:168,1
DA:187,0
DA:188,0
DA:189,0
DA:190,0
DA:191,0
DA:194,0
LF:70
LH:43
BRDA:60,0,0,2
BRDA:60,0,1,1
BRDA:71,1,0,2
BRDA:71,1,1,0
BRDA:71,2,0,2
BRDA:71,2,1,2
BRDA:71,2,2,2
BRDA:71,2,3,2
BRDA:87,3,0,0
BRDA:87,4,0,1
BRDA:99,5,0,0
BRDA:99,5,1,0
BRDA:107,6,0,0
BRDA:107,6,1,0
BRDA:107,7,0,0
BRDA:107,7,1,0
BRDA:129,8,0,1
BRDA:129,8,1,0
BRDA:129,9,0,1
BRDA:129,9,1,0
BRDA:136,10,0,1
BRDA:136,10,1,0
BRDA:138,11,0,0
BRDA:138,11,1,0
BRDA:139,12,0,0
BRDA:139,12,1,0
BRDA:140,13,0,0
BRDA:140,13,1,0
BRDA:164,14,0,1
BRDA:164,14,1,1
BRDA:166,15,0,1
BRDA:166,15,1,1
BRDA:166,15,2,0
BRDA:171,16,0,1
BRDA:171,16,1,0
BRDA:172,17,0,1
BRDA:172,17,1,1
BRDA:176,18,0,1
BRDA:176,18,1,0
BRDA:177,19,0,0
BRDA:177,19,1,1
BRDA:182,20,0,1
BRDA:182,20,1,1
BRF:43
BRH:22
end_of_record
TN:
SF:src/registry/synapse-registry.ts
FN:21,(anonymous_0)
FN:27,(anonymous_1)
FN:32,(anonymous_2)
FN:36,(anonymous_3)
FN:40,(anonymous_4)
FN:44,(anonymous_5)
FN:48,(anonymous_6)
FNF:7
FNH:4
FNDA:1,(anonymous_0)
FNDA:0,(anonymous_1)
FNDA:33,(anonymous_2)
FNDA:0,(anonymous_3)
FNDA:23,(anonymous_4)
FNDA:0,(anonymous_5)
FNDA:1,(anonymous_6)
DA:17,33
DA:18,33
DA:19,33
DA:22,1
DA:23,1
DA:24,1
DA:28,0
DA:29,0
DA:33,33
DA:37,0
DA:41,23
DA:45,0
DA:49,1
LF:13
LH:9
BRDA:22,0,0,0
BRDA:22,0,1,1
BRF:2
BRH:1
end_of_record
TN:
SF:src/registry/tool-registry.ts
FN:49,(anonymous_0)
FN:59,(anonymous_1)
FN:68,(anonymous_2)
FN:88,(anonymous_3)
FN:89,(anonymous_4)
FN:98,(anonymous_5)
FN:99,(anonymous_6)
FN:131,(anonymous_7)
FN:132,(anonymous_8)
FN:136,(anonymous_9)
FN:144,(anonymous_10)
FN:148,(anonymous_11)
FN:155,isTool
FN:165,errorMessage
FN:169,errorResponse
FNF:15
FNH:7
FNDA:5,(anonymous_0)
FNDA:55,(anonymous_1)
FNDA:0,(anonymous_2)
FNDA:0,(anonymous_3)
FNDA:0,(anonymous_4)
FNDA:4,(anonymous_5)
FNDA:3,(anonymous_6)
FNDA:3,(anonymous_7)
FNDA:0,(anonymous_8)
FNDA:0,(anonymous_9)
FNDA:58,(anonymous_10)
FNDA:0,(anonymous_11)
FNDA:0,isTool
FNDA:0,errorMessage
FNDA:1,errorResponse
DA:46,5
DA:50,5
DA:51,5
DA:61,55
DA:62,55
DA:69,0
DA:70,0
DA:71,0
DA:72,0
DA:73,0
DA:74,0
DA:75,0
DA:77,0
DA:82,0
DA:89,0
DA:99,4
DA:100,4
DA:101,1
DA:104,3
DA:105,3
DA:106,3
DA:107,1
DA:108,1
DA:111,2
DA:112,2
DA:113,2
DA:117,2
DA:118,2
DA:119,2
DA:122,2
DA:123,2
DA:125,0
DA:132,3
DA:136,3
DA:137,0
DA:138,0
DA:145,58
DA:149,0
DA:156,0
DA:166,0
DA:170,1
LF:41
LH:25
BRDA:49,0,0,1
BRDA:73,1,0,0
BRDA:73,1,1,0
BRDA:91,2,0,0
BRDA:91,2,1,0
BRDA:100,3,0,1
BRDA:100,3,1,3
BRDA:104,4,0,3
BRDA:104,4,1,0
BRDA:106,5,0,1
BRDA:106,5,1,2
BRDA:106,6,0,3
BRDA:106,6,1,1
BRDA:117,7,0,2
BRDA:117,7,1,0
BRDA:118,8,0,2
BRDA:118,8,1,0
BRDA:145,9,0,54
BRDA:145,9,1,4
BRDA:149,10,0,0
BRDA:149,10,1,0
BRDA:157,11,0,0
BRDA:157,11,1,0
BRDA:157,11,2,0
BRDA:157,11,3,0
BRDA:157,11,4,0
BRDA:166,12,0,0
BRDA:166,12,1,0
BRF:28
BRH:12
end_of_record
